<?xml version="1.0" encoding="UTF-8" standalone="yes"?>
<testsuites name="IP-036 ( Report Receipt Transactions )" time="31" tests="0" failures="1" errors="0">
    <testsuite name="IP-036 ( Report Receipt Transactions )" tests="0" failures="1" errors="0" time="31" timestamp="2019-09-04 06:15:11" hostname="refqi - 192.168.1.101" id="Test Suites/IP-036 ( Report Receipt Transactions )">
        <properties>
            <property name="deviceName" value=""/>
            <property name="devicePlatform" value=""/>
            <property name="logFolder" value="/Users/refqi/Katalon Studio/ipropio otomasi/Reports/20190904_061509/IP-036 ( Report Receipt Transactions )/20190904_061509"/>
            <property name="logFiles" value="/Users/refqi/Katalon Studio/ipropio otomasi/Reports/20190904_061509/IP-036 ( Report Receipt Transactions )/20190904_061509/execution0.log"/>
            <property name="attachments" value="/Users/refqi/Documents/webippro/4.png, /Users/refqi/Documents/webippro/5.png"/>
            <property name="hostName" value="refqi - 192.168.1.101"/>
            <property name="os" value="Mac OS X 64bit"/>
            <property name="katalonVersion" value="6.3.3.11"/>
            <property name="browser" value="Chrome 76.0.3809.100"/>
            <property name="hostAddress" value="192.168.1.101"/>
            <property name="sessionId" value="c3b27b63ca654f7e16cd95625f2af115"/>
            <property name="seleniumVersion" value="3.141.59"/>
            <property name="proxyInformation" value="ProxyInformation{proxyOption=NO_PROXY, proxyServerType=HTTP, password=, proxyServerAddress=, proxyServerPort=0}"/>
            <property name="platform" value="Mac OS X"/>
        </properties>
        <testcase name="Test Cases/IP-036 ( Report Receipt Transaction )" classname="Test Cases/IP-036 ( Report Receipt Transaction )" status="FAILED">
            <failure type="FAILED" message="Test Cases/IP-036 ( Report Receipt Transaction ) FAILED.&#xA;Reason:&#xA;com.kms.katalon.core.exception.StepFailedException: Unable to click on object&#xA;&#x9;at com.kms.katalon.core.webui.keyword.internal.WebUIKeywordMain.stepFailed(WebUIKeywordMain.groovy:64)&#xA;&#x9;at com.kms.katalon.core.webui.keyword.internal.WebUIKeywordMain.runKeyword(WebUIKeywordMain.groovy:26)&#xA;&#x9;at com.kms.katalon.core.webui.keyword.builtin.ClickKeyword.click(ClickKeyword.groovy:86)&#xA;&#x9;at com.kms.katalon.core.webui.keyword.builtin.ClickKeyword.execute(ClickKeyword.groovy:67)&#xA;&#x9;at com.kms.katalon.core.keyword.internal.KeywordExecutor.executeKeywordForPlatform(KeywordExecutor.groovy:56)&#xA;&#x9;at com.kms.katalon.core.webui.keyword.WebUiBuiltInKeywords.click(WebUiBuiltInKeywords.groovy:616)&#xA;&#x9;at com.kms.katalon.core.webui.keyword.WebUiBuiltInKeywords$click$2.call(Unknown Source)&#xA;&#x9;at IP-036 ( Report Receipt Transaction ).run(IP-036 ( Report Receipt Transaction ):40)&#xA;&#x9;at com.kms.katalon.core.main.ScriptEngine.run(ScriptEngine.java:194)&#xA;&#x9;at com.kms.katalon.core.main.ScriptEngine.runScriptAsRawText(ScriptEngine.java:119)&#xA;&#x9;at com.kms.katalon.core.main.TestCaseExecutor.runScript(TestCaseExecutor.java:337)&#xA;&#x9;at com.kms.katalon.core.main.TestCaseExecutor.doExecute(TestCaseExecutor.java:328)&#xA;&#x9;at com.kms.katalon.core.main.TestCaseExecutor.processExecutionPhase(TestCaseExecutor.java:307)&#xA;&#x9;at com.kms.katalon.core.main.TestCaseExecutor.accessMainPhase(TestCaseExecutor.java:299)&#xA;&#x9;at com.kms.katalon.core.main.TestCaseExecutor.execute(TestCaseExecutor.java:233)&#xA;&#x9;at com.kms.katalon.core.main.TestSuiteExecutor.accessTestCaseMainPhase(TestSuiteExecutor.java:169)&#xA;&#x9;at com.kms.katalon.core.main.TestSuiteExecutor.accessTestSuiteMainPhase(TestSuiteExecutor.java:142)&#xA;&#x9;at com.kms.katalon.core.main.TestSuiteExecutor.execute(TestSuiteExecutor.java:91)&#xA;&#x9;at com.kms.katalon.core.main.TestCaseMain.startTestSuite(TestCaseMain.java:157)&#xA;&#x9;at com.kms.katalon.core.main.TestCaseMain$startTestSuite$0.call(Unknown Source)&#xA;&#x9;at TempTestSuite1567552509296.run(TempTestSuite1567552509296.groovy:35)&#xA;Caused by: java.lang.IllegalArgumentException: Object is null&#xA;&#x9;at com.kms.katalon.core.helper.KeywordHelper.checkTestObjectParameter(KeywordHelper.java:33)&#xA;&#x9;at com.kms.katalon.core.webui.keyword.builtin.ClickKeyword$_click_closure1.doCall(ClickKeyword.groovy:75)&#xA;&#x9;at com.kms.katalon.core.webui.keyword.builtin.ClickKeyword$_click_closure1.call(ClickKeyword.groovy)&#xA;&#x9;at com.kms.katalon.core.webui.keyword.internal.WebUIKeywordMain.runKeyword(WebUIKeywordMain.groovy:20)&#xA;&#x9;... 19 more&#xA;"/>
            <system-out>2019-09-04 06:15:11 - [TEST_CASE][FAILED] - Test Cases/IP-036 ( Report Receipt Transaction ): Test Cases/IP-036 ( Report Receipt Transaction ) FAILED.
Reason:
com.kms.katalon.core.exception.StepFailedException: Unable to click on object
	at com.kms.katalon.core.webui.keyword.internal.WebUIKeywordMain.stepFailed(WebUIKeywordMain.groovy:64)
	at com.kms.katalon.core.webui.keyword.internal.WebUIKeywordMain.runKeyword(WebUIKeywordMain.groovy:26)
	at com.kms.katalon.core.webui.keyword.builtin.ClickKeyword.click(ClickKeyword.groovy:86)
	at com.kms.katalon.core.webui.keyword.builtin.ClickKeyword.execute(ClickKeyword.groovy:67)
	at com.kms.katalon.core.keyword.internal.KeywordExecutor.executeKeywordForPlatform(KeywordExecutor.groovy:56)
	at com.kms.katalon.core.webui.keyword.WebUiBuiltInKeywords.click(WebUiBuiltInKeywords.groovy:616)
	at com.kms.katalon.core.webui.keyword.WebUiBuiltInKeywords$click$2.call(Unknown Source)
	at IP-036 ( Report Receipt Transaction ).run(IP-036 ( Report Receipt Transaction ):40)
	at com.kms.katalon.core.main.ScriptEngine.run(ScriptEngine.java:194)
	at com.kms.katalon.core.main.ScriptEngine.runScriptAsRawText(ScriptEngine.java:119)
	at com.kms.katalon.core.main.TestCaseExecutor.runScript(TestCaseExecutor.java:337)
	at com.kms.katalon.core.main.TestCaseExecutor.doExecute(TestCaseExecutor.java:328)
	at com.kms.katalon.core.main.TestCaseExecutor.processExecutionPhase(TestCaseExecutor.java:307)
	at com.kms.katalon.core.main.TestCaseExecutor.accessMainPhase(TestCaseExecutor.java:299)
	at com.kms.katalon.core.main.TestCaseExecutor.execute(TestCaseExecutor.java:233)
	at com.kms.katalon.core.main.TestSuiteExecutor.accessTestCaseMainPhase(TestSuiteExecutor.java:169)
	at com.kms.katalon.core.main.TestSuiteExecutor.accessTestSuiteMainPhase(TestSuiteExecutor.java:142)
	at com.kms.katalon.core.main.TestSuiteExecutor.execute(TestSuiteExecutor.java:91)
	at com.kms.katalon.core.main.TestCaseMain.startTestSuite(TestCaseMain.java:157)
	at com.kms.katalon.core.main.TestCaseMain$startTestSuite$0.call(Unknown Source)
	at TempTestSuite1567552509296.run(TempTestSuite1567552509296.groovy:35)
Caused by: java.lang.IllegalArgumentException: Object is null
	at com.kms.katalon.core.helper.KeywordHelper.checkTestObjectParameter(KeywordHelper.java:33)
	at com.kms.katalon.core.webui.keyword.builtin.ClickKeyword$_click_closure1.doCall(ClickKeyword.groovy:75)
	at com.kms.katalon.core.webui.keyword.builtin.ClickKeyword$_click_closure1.call(ClickKeyword.groovy)
	at com.kms.katalon.core.webui.keyword.internal.WebUIKeywordMain.runKeyword(WebUIKeywordMain.groovy:20)
	... 19 more


2019-09-04 06:15:12 - [TEST_STEP][PASSED] - callTestCase(findTestCase("IP-001 (Login hit berkali kali)"), ["Email":"aaa@gmail.com", "Password":"123445656"], STOP_ON_FAILURE): Call Test Case 'Test Cases/IP-001 (Login hit berkali kali)' successfully

2019-09-04 06:15:12 - [TEST_CASE][PASSED] - Test Cases/IP-001 (Login hit berkali kali): Test Cases/IP-001 (Login hit berkali kali)

2019-09-04 06:15:12 - [TEST_STEP][PASSED] - openBrowser("http://kamisa.web.iprop-dev.com/login"): Browser is opened with url: 'http://kamisa.web.iprop-dev.com/login'

2019-09-04 06:15:12 - [MESSAGE][INFO] - Starting 'Chrome' driver

2019-09-04 06:15:13 - [MESSAGE][INFO] - Action delay is set to 0 seconds

2019-09-04 06:15:17 - [MESSAGE][PASSED] - Browser is opened with url: 'http://kamisa.web.iprop-dev.com/login'

2019-09-04 06:15:17 - [TEST_STEP][PASSED] - delay(3): Delayed 3 second(s)

2019-09-04 06:15:20 - [MESSAGE][PASSED] - Delayed 3 second(s)

2019-09-04 06:15:20 - [TEST_STEP][PASSED] - setText(findTestObject("Page_iPropio - Login/input_Email_email"), "didinonpqcms@gmail.com"): Text 'didinonpqcms@gmail.com' is set on object 'Object Repository/Page_iPropio - Login/input_Email_email'

2019-09-04 06:15:21 - [MESSAGE][PASSED] - Text 'didinonpqcms@gmail.com' is set on object 'Object Repository/Page_iPropio - Login/input_Email_email'

2019-09-04 06:15:21 - [TEST_STEP][PASSED] - delay(5): Delayed 5 second(s)

2019-09-04 06:15:26 - [MESSAGE][PASSED] - Delayed 5 second(s)

2019-09-04 06:15:26 - [TEST_STEP][PASSED] - takeScreenshot("/Users/refqi/Documents/webippro/4.png"): Taking screenshot successfully

2019-09-04 06:15:27 - [MESSAGE][PASSED] - Taking screenshot successfully
[[ATTACHMENT|/Users/refqi/Documents/webippro/4.png]]

2019-09-04 06:15:27 - [TEST_STEP][PASSED] - setText(findTestObject("Page_iPropio - Login/input_Password_password"), "testing12345"): Text 'testing12345' is set on object 'Object Repository/Page_iPropio - Login/input_Password_password'

2019-09-04 06:15:27 - [MESSAGE][PASSED] - Text 'testing12345' is set on object 'Object Repository/Page_iPropio - Login/input_Password_password'

2019-09-04 06:15:27 - [TEST_STEP][PASSED] - delay(3): Delayed 3 second(s)

2019-09-04 06:15:30 - [MESSAGE][PASSED] - Delayed 3 second(s)

2019-09-04 06:15:30 - [TEST_STEP][PASSED] - takeScreenshot("/Users/refqi/Documents/webippro/5.png"): Taking screenshot successfully

2019-09-04 06:15:30 - [MESSAGE][PASSED] - Taking screenshot successfully
[[ATTACHMENT|/Users/refqi/Documents/webippro/5.png]]

2019-09-04 06:15:30 - [TEST_STEP][PASSED] - click(findTestObject("Page_iPropio - Login/button_Login Now")): Object: 'Object Repository/Page_iPropio - Login/button_Login Now' is clicked on

2019-09-04 06:15:30 - [MESSAGE][PASSED] - Object: 'Object Repository/Page_iPropio - Login/button_Login Now' is clicked on

2019-09-04 06:15:30 - [MESSAGE][PASSED] - Call Test Case 'Test Cases/IP-001 (Login hit berkali kali)' successfully

2019-09-04 06:15:30 - [TEST_STEP][PASSED] - click(findTestObject("receipt transactions/div_Reports")): Object: 'Object Repository/receipt transactions/div_Reports' is clicked on

2019-09-04 06:15:31 - [MESSAGE][PASSED] - Object: 'Object Repository/receipt transactions/div_Reports' is clicked on

2019-09-04 06:15:31 - [TEST_STEP][PASSED] - delay(2): Delayed 2 second(s)

2019-09-04 06:15:33 - [MESSAGE][PASSED] - Delayed 2 second(s)

2019-09-04 06:15:33 - [TEST_STEP][PASSED] - click(findTestObject("receipt transactions/a_Receipts Transactions")): Object: 'Object Repository/receipt transactions/a_Receipts Transactions' is clicked on

2019-09-04 06:15:34 - [MESSAGE][PASSED] - Object: 'Object Repository/receipt transactions/a_Receipts Transactions' is clicked on

2019-09-04 06:15:34 - [TEST_STEP][PASSED] - click(findTestObject("receipt transactions/input_Date Range_date")): Object: 'Object Repository/receipt transactions/input_Date Range_date' is clicked on

2019-09-04 06:15:35 - [MESSAGE][PASSED] - Object: 'Object Repository/receipt transactions/input_Date Range_date' is clicked on

2019-09-04 06:15:35 - [TEST_STEP][PASSED] - delay(3): Delayed 3 second(s)

2019-09-04 06:15:38 - [MESSAGE][PASSED] - Delayed 3 second(s)

2019-09-04 06:15:38 - [TEST_STEP][PASSED] - click(findTestObject("receipt transactions/button_previous 30 days")): Object: 'Object Repository/receipt transactions/button_previous 30 days' is clicked on

2019-09-04 06:15:38 - [MESSAGE][PASSED] - Object: 'Object Repository/receipt transactions/button_previous 30 days' is clicked on

2019-09-04 06:15:38 - [TEST_STEP][PASSED] - delay(3): Delayed 3 second(s)

2019-09-04 06:15:41 - [MESSAGE][PASSED] - Delayed 3 second(s)

2019-09-04 06:15:41 - [TEST_STEP][PASSED] - setText(findTestObject("receipt transactions/input_Receipt Number___BVID__176"), "CBA00021"): Text 'CBA00021' is set on object 'Object Repository/receipt transactions/input_Receipt Number___BVID__176'

2019-09-04 06:15:42 - [MESSAGE][PASSED] - Text 'CBA00021' is set on object 'Object Repository/receipt transactions/input_Receipt Number___BVID__176'

2019-09-04 06:15:42 - [TEST_STEP][PASSED] - clearText(findTestObject("receipt transactions/input_Receipt Number___BVID__176")): Text of object 'Object Repository/receipt transactions/input_Receipt Number___BVID__176' is cleared

2019-09-04 06:15:42 - [MESSAGE][PASSED] - Text of object 'Object Repository/receipt transactions/input_Receipt Number___BVID__176' is cleared

2019-09-04 06:15:42 - [TEST_STEP][PASSED] - click(findTestObject("receipt transactions/input_Received_vs__search")): Object: 'Object Repository/receipt transactions/input_Received_vs__search' is clicked on

2019-09-04 06:15:42 - [MESSAGE][PASSED] - Object: 'Object Repository/receipt transactions/input_Received_vs__search' is clicked on

2019-09-04 06:15:42 - [TEST_STEP][FAILED] - click(findTestObject("Page_iPropio - Receipts Report/li_All")): Unable to click on object (Root cause: com.kms.katalon.core.exception.StepFailedException: Unable to click on object
	at com.kms.katalon.core.webui.keyword.internal.WebUIKeywordMain.stepFailed(WebUIKeywordMain.groovy:64)
	at com.kms.katalon.core.webui.keyword.internal.WebUIKeywordMain.runKeyword(WebUIKeywordMain.groovy:26)
	at com.kms.katalon.core.webui.keyword.builtin.ClickKeyword.click(ClickKeyword.groovy:86)
	at com.kms.katalon.core.webui.keyword.builtin.ClickKeyword.execute(ClickKeyword.groovy:67)
	at com.kms.katalon.core.keyword.internal.KeywordExecutor.executeKeywordForPlatform(KeywordExecutor.groovy:56)
	at com.kms.katalon.core.webui.keyword.WebUiBuiltInKeywords.click(WebUiBuiltInKeywords.groovy:616)
	at com.kms.katalon.core.webui.keyword.WebUiBuiltInKeywords$click$2.call(Unknown Source)
	at IP-036 ( Report Receipt Transaction ).run(IP-036 ( Report Receipt Transaction ):40)
	at com.kms.katalon.core.main.ScriptEngine.run(ScriptEngine.java:194)
	at com.kms.katalon.core.main.ScriptEngine.runScriptAsRawText(ScriptEngine.java:119)
	at com.kms.katalon.core.main.TestCaseExecutor.runScript(TestCaseExecutor.java:337)
	at com.kms.katalon.core.main.TestCaseExecutor.doExecute(TestCaseExecutor.java:328)
	at com.kms.katalon.core.main.TestCaseExecutor.processExecutionPhase(TestCaseExecutor.java:307)
	at com.kms.katalon.core.main.TestCaseExecutor.accessMainPhase(TestCaseExecutor.java:299)
	at com.kms.katalon.core.main.TestCaseExecutor.execute(TestCaseExecutor.java:233)
	at com.kms.katalon.core.main.TestSuiteExecutor.accessTestCaseMainPhase(TestSuiteExecutor.java:169)
	at com.kms.katalon.core.main.TestSuiteExecutor.accessTestSuiteMainPhase(TestSuiteExecutor.java:142)
	at com.kms.katalon.core.main.TestSuiteExecutor.execute(TestSuiteExecutor.java:91)
	at com.kms.katalon.core.main.TestCaseMain.startTestSuite(TestCaseMain.java:157)
	at com.kms.katalon.core.main.TestCaseMain$startTestSuite$0.call(Unknown Source)
	at TempTestSuite1567552509296.run(TempTestSuite1567552509296.groovy:35)
Caused by: java.lang.IllegalArgumentException: Object is null
	at com.kms.katalon.core.helper.KeywordHelper.checkTestObjectParameter(KeywordHelper.java:33)
	at com.kms.katalon.core.webui.keyword.builtin.ClickKeyword$_click_closure1.doCall(ClickKeyword.groovy:75)
	at com.kms.katalon.core.webui.keyword.builtin.ClickKeyword$_click_closure1.call(ClickKeyword.groovy)
	at com.kms.katalon.core.webui.keyword.internal.WebUIKeywordMain.runKeyword(WebUIKeywordMain.groovy:20)
	at com.kms.katalon.core.webui.keyword.builtin.ClickKeyword.click(ClickKeyword.groovy:86)
	at com.kms.katalon.core.webui.keyword.builtin.ClickKeyword.execute(ClickKeyword.groovy:67)
	at com.kms.katalon.core.keyword.internal.KeywordExecutor.executeKeywordForPlatform(KeywordExecutor.groovy:56)
	at com.kms.katalon.core.webui.keyword.WebUiBuiltInKeywords.click(WebUiBuiltInKeywords.groovy:616)
	at com.kms.katalon.core.webui.keyword.WebUiBuiltInKeywords$click$2.call(Unknown Source)
	at Script1567550920182.run(Script1567550920182.groovy:40)
	... 13 more
)

2019-09-04 06:15:42 - [MESSAGE][WARNING] - Test object with id 'Object Repository/Page_iPropio - Receipts Report/li_All' does not exist

2019-09-04 06:15:42 - [MESSAGE][WARNING] - Test object with id 'Object Repository/' does not exist

2019-09-04 06:15:42 - [MESSAGE][FAILED] - Unable to click on object (Root cause: com.kms.katalon.core.exception.StepFailedException: Unable to click on object
	at com.kms.katalon.core.webui.keyword.internal.WebUIKeywordMain.stepFailed(WebUIKeywordMain.groovy:64)
	at com.kms.katalon.core.webui.keyword.internal.WebUIKeywordMain.runKeyword(WebUIKeywordMain.groovy:26)
	at com.kms.katalon.core.webui.keyword.builtin.ClickKeyword.click(ClickKeyword.groovy:86)
	at com.kms.katalon.core.webui.keyword.builtin.ClickKeyword.execute(ClickKeyword.groovy:67)
	at com.kms.katalon.core.keyword.internal.KeywordExecutor.executeKeywordForPlatform(KeywordExecutor.groovy:56)
	at com.kms.katalon.core.webui.keyword.WebUiBuiltInKeywords.click(WebUiBuiltInKeywords.groovy:616)
	at com.kms.katalon.core.webui.keyword.WebUiBuiltInKeywords$click$2.call(Unknown Source)
	at IP-036 ( Report Receipt Transaction ).run(IP-036 ( Report Receipt Transaction ):40)
	at com.kms.katalon.core.main.ScriptEngine.run(ScriptEngine.java:194)
	at com.kms.katalon.core.main.ScriptEngine.runScriptAsRawText(ScriptEngine.java:119)
	at com.kms.katalon.core.main.TestCaseExecutor.runScript(TestCaseExecutor.java:337)
	at com.kms.katalon.core.main.TestCaseExecutor.doExecute(TestCaseExecutor.java:328)
	at com.kms.katalon.core.main.TestCaseExecutor.processExecutionPhase(TestCaseExecutor.java:307)
	at com.kms.katalon.core.main.TestCaseExecutor.accessMainPhase(TestCaseExecutor.java:299)
	at com.kms.katalon.core.main.TestCaseExecutor.execute(TestCaseExecutor.java:233)
	at com.kms.katalon.core.main.TestSuiteExecutor.accessTestCaseMainPhase(TestSuiteExecutor.java:169)
	at com.kms.katalon.core.main.TestSuiteExecutor.accessTestSuiteMainPhase(TestSuiteExecutor.java:142)
	at com.kms.katalon.core.main.TestSuiteExecutor.execute(TestSuiteExecutor.java:91)
	at com.kms.katalon.core.main.TestCaseMain.startTestSuite(TestCaseMain.java:157)
	at com.kms.katalon.core.main.TestCaseMain$startTestSuite$0.call(Unknown Source)
	at TempTestSuite1567552509296.run(TempTestSuite1567552509296.groovy:35)
Caused by: java.lang.IllegalArgumentException: Object is null
	at com.kms.katalon.core.helper.KeywordHelper.checkTestObjectParameter(KeywordHelper.java:33)
	at com.kms.katalon.core.webui.keyword.builtin.ClickKeyword$_click_closure1.doCall(ClickKeyword.groovy:75)
	at com.kms.katalon.core.webui.keyword.builtin.ClickKeyword$_click_closure1.call(ClickKeyword.groovy)
	at com.kms.katalon.core.webui.keyword.internal.WebUIKeywordMain.runKeyword(WebUIKeywordMain.groovy:20)
	at com.kms.katalon.core.webui.keyword.builtin.ClickKeyword.click(ClickKeyword.groovy:86)
	at com.kms.katalon.core.webui.keyword.builtin.ClickKeyword.execute(ClickKeyword.groovy:67)
	at com.kms.katalon.core.keyword.internal.KeywordExecutor.executeKeywordForPlatform(KeywordExecutor.groovy:56)
	at com.kms.katalon.core.webui.keyword.WebUiBuiltInKeywords.click(WebUiBuiltInKeywords.groovy:616)
	at com.kms.katalon.core.webui.keyword.WebUiBuiltInKeywords$click$2.call(Unknown Source)
	at Script1567550920182.run(Script1567550920182.groovy:40)
	... 13 more
)</system-out>
            <system-err>2019-09-04 06:15:11 - [TEST_CASE][FAILED] - Test Cases/IP-036 ( Report Receipt Transaction ): Test Cases/IP-036 ( Report Receipt Transaction ) FAILED.
Reason:
com.kms.katalon.core.exception.StepFailedException: Unable to click on object
	at com.kms.katalon.core.webui.keyword.internal.WebUIKeywordMain.stepFailed(WebUIKeywordMain.groovy:64)
	at com.kms.katalon.core.webui.keyword.internal.WebUIKeywordMain.runKeyword(WebUIKeywordMain.groovy:26)
	at com.kms.katalon.core.webui.keyword.builtin.ClickKeyword.click(ClickKeyword.groovy:86)
	at com.kms.katalon.core.webui.keyword.builtin.ClickKeyword.execute(ClickKeyword.groovy:67)
	at com.kms.katalon.core.keyword.internal.KeywordExecutor.executeKeywordForPlatform(KeywordExecutor.groovy:56)
	at com.kms.katalon.core.webui.keyword.WebUiBuiltInKeywords.click(WebUiBuiltInKeywords.groovy:616)
	at com.kms.katalon.core.webui.keyword.WebUiBuiltInKeywords$click$2.call(Unknown Source)
	at IP-036 ( Report Receipt Transaction ).run(IP-036 ( Report Receipt Transaction ):40)
	at com.kms.katalon.core.main.ScriptEngine.run(ScriptEngine.java:194)
	at com.kms.katalon.core.main.ScriptEngine.runScriptAsRawText(ScriptEngine.java:119)
	at com.kms.katalon.core.main.TestCaseExecutor.runScript(TestCaseExecutor.java:337)
	at com.kms.katalon.core.main.TestCaseExecutor.doExecute(TestCaseExecutor.java:328)
	at com.kms.katalon.core.main.TestCaseExecutor.processExecutionPhase(TestCaseExecutor.java:307)
	at com.kms.katalon.core.main.TestCaseExecutor.accessMainPhase(TestCaseExecutor.java:299)
	at com.kms.katalon.core.main.TestCaseExecutor.execute(TestCaseExecutor.java:233)
	at com.kms.katalon.core.main.TestSuiteExecutor.accessTestCaseMainPhase(TestSuiteExecutor.java:169)
	at com.kms.katalon.core.main.TestSuiteExecutor.accessTestSuiteMainPhase(TestSuiteExecutor.java:142)
	at com.kms.katalon.core.main.TestSuiteExecutor.execute(TestSuiteExecutor.java:91)
	at com.kms.katalon.core.main.TestCaseMain.startTestSuite(TestCaseMain.java:157)
	at com.kms.katalon.core.main.TestCaseMain$startTestSuite$0.call(Unknown Source)
	at TempTestSuite1567552509296.run(TempTestSuite1567552509296.groovy:35)
Caused by: java.lang.IllegalArgumentException: Object is null
	at com.kms.katalon.core.helper.KeywordHelper.checkTestObjectParameter(KeywordHelper.java:33)
	at com.kms.katalon.core.webui.keyword.builtin.ClickKeyword$_click_closure1.doCall(ClickKeyword.groovy:75)
	at com.kms.katalon.core.webui.keyword.builtin.ClickKeyword$_click_closure1.call(ClickKeyword.groovy)
	at com.kms.katalon.core.webui.keyword.internal.WebUIKeywordMain.runKeyword(WebUIKeywordMain.groovy:20)
	... 19 more</system-err>
        </testcase>
        <system-out>2019-09-04 06:15:11 - [TEST_SUITE][INCOMPLETE] - IP-036 ( Report Receipt Transactions ): null</system-out>
        <system-err>2019-09-04 06:15:11 - [TEST_SUITE][INCOMPLETE] - IP-036 ( Report Receipt Transactions ): null</system-err>
    </testsuite>
</testsuites>
