<?xml version="1.0" encoding="UTF-8" standalone="yes"?>
<testsuites name="IP-038 ( Report Resident List )" time="67" tests="0" failures="1" errors="0">
    <testsuite name="IP-038 ( Report Resident List )" tests="0" failures="1" errors="0" time="67" timestamp="2019-09-06 09:57:27" hostname="refqi - 10.250.250.58" id="Test Suites/IP-038 ( Report Resident List )">
        <properties>
            <property name="deviceName" value=""/>
            <property name="devicePlatform" value=""/>
            <property name="logFolder" value="/Users/refqi/git/ipropio/Reports/20190906_095707/IP-038 ( Report Resident List )/20190906_095707"/>
            <property name="logFiles" value="/Users/refqi/git/ipropio/Reports/20190906_095707/IP-038 ( Report Resident List )/20190906_095707/execution0.log"/>
            <property name="attachments" value="/Users/refqi/Documents/webippro/4.png, /Users/refqi/Documents/webippro/5.png, /Users/refqi/git/ipropio/Reports/20190906_095707/IP-038 ( Report Resident List )/20190906_095707/1567738672463.png, /Users/refqi/git/ipropio/Reports/20190906_095707/IP-038 ( Report Resident List )/20190906_095707/1567738682264.png, /Users/refqi/git/ipropio/Reports/20190906_095707/IP-038 ( Report Resident List )/20190906_095707/1567738682872.png, /Users/refqi/git/ipropio/Reports/20190906_095707/IP-038 ( Report Resident List )/20190906_095707/1567738683619.png"/>
            <property name="hostName" value="refqi - 10.250.250.58"/>
            <property name="os" value="Mac OS X 64bit"/>
            <property name="katalonVersion" value="6.3.3.11"/>
            <property name="browser" value="Chrome 76.0.3809.100"/>
            <property name="hostAddress" value="10.250.250.58"/>
            <property name="sessionId" value="0964a96640cc551daa1b827ee0f02644"/>
            <property name="seleniumVersion" value="3.141.59"/>
            <property name="proxyInformation" value="ProxyInformation{proxyOption=NO_PROXY, proxyServerType=HTTP, password=, proxyServerAddress=, proxyServerPort=0}"/>
            <property name="platform" value="Mac OS X"/>
        </properties>
        <testcase name="Test Cases/IP-038 ( Report Resident List )" classname="Test Cases/IP-038 ( Report Resident List )" status="FAILED">
            <failure type="FAILED" message="Test Cases/IP-038 ( Report Resident List ) FAILED.&#xA;Reason:&#xA;com.kms.katalon.core.exception.StepFailedException: Unable to click on object 'Object Repository/Report Resident list/button_Yes Assign'&#xA;&#x9;at com.kms.katalon.core.webui.keyword.internal.WebUIKeywordMain.stepFailed(WebUIKeywordMain.groovy:64)&#xA;&#x9;at com.kms.katalon.core.webui.keyword.internal.WebUIKeywordMain.runKeyword(WebUIKeywordMain.groovy:26)&#xA;&#x9;at com.kms.katalon.core.webui.keyword.builtin.ClickKeyword.click(ClickKeyword.groovy:86)&#xA;&#x9;at com.kms.katalon.core.webui.keyword.builtin.ClickKeyword.execute(ClickKeyword.groovy:67)&#xA;&#x9;at com.kms.katalon.core.keyword.internal.KeywordExecutor.executeKeywordForPlatform(KeywordExecutor.groovy:56)&#xA;&#x9;at com.kms.katalon.core.webui.keyword.WebUiBuiltInKeywords.click(WebUiBuiltInKeywords.groovy:616)&#xA;&#x9;at com.kms.katalon.core.webui.keyword.WebUiBuiltInKeywords$click$2.call(Unknown Source)&#xA;&#x9;at IP-038 ( Report Resident List ).run(IP-038 ( Report Resident List ):56)&#xA;&#x9;at com.kms.katalon.core.main.ScriptEngine.run(ScriptEngine.java:194)&#xA;&#x9;at com.kms.katalon.core.main.ScriptEngine.runScriptAsRawText(ScriptEngine.java:119)&#xA;&#x9;at com.kms.katalon.core.main.TestCaseExecutor.runScript(TestCaseExecutor.java:337)&#xA;&#x9;at com.kms.katalon.core.main.TestCaseExecutor.doExecute(TestCaseExecutor.java:328)&#xA;&#x9;at com.kms.katalon.core.main.TestCaseExecutor.processExecutionPhase(TestCaseExecutor.java:307)&#xA;&#x9;at com.kms.katalon.core.main.TestCaseExecutor.accessMainPhase(TestCaseExecutor.java:299)&#xA;&#x9;at com.kms.katalon.core.main.TestCaseExecutor.execute(TestCaseExecutor.java:233)&#xA;&#x9;at com.kms.katalon.core.main.TestSuiteExecutor.accessTestCaseMainPhase(TestSuiteExecutor.java:169)&#xA;&#x9;at com.kms.katalon.core.main.TestSuiteExecutor.accessTestSuiteMainPhase(TestSuiteExecutor.java:142)&#xA;&#x9;at com.kms.katalon.core.main.TestSuiteExecutor.execute(TestSuiteExecutor.java:91)&#xA;&#x9;at com.kms.katalon.core.main.TestCaseMain.startTestSuite(TestCaseMain.java:157)&#xA;&#x9;at com.kms.katalon.core.main.TestCaseMain$startTestSuite$0.call(Unknown Source)&#xA;&#x9;at TempTestSuite1567738627546.run(TempTestSuite1567738627546.groovy:35)&#xA;Caused by: com.kms.katalon.core.webui.exception.WebElementNotFoundException: Web element with id: 'Object Repository/Report Resident list/button_Yes Assign' located by 'By.xpath: (//button[@type='button'])[16]' not found&#xA;&#x9;at com.kms.katalon.core.webui.common.WebUiCommonHelper.findWebElement(WebUiCommonHelper.java:1097)&#xA;&#x9;at com.kms.katalon.core.webui.keyword.internal.WebUIAbstractKeyword.findWebElement(WebUIAbstractKeyword.groovy:27)&#xA;&#x9;at com.kms.katalon.core.webui.keyword.internal.WebUIAbstractKeyword.findWebElement(WebUIAbstractKeyword.groovy:26)&#xA;&#x9;at com.kms.katalon.core.webui.keyword.builtin.ClickKeyword$_click_closure1.doCall(ClickKeyword.groovy:77)&#xA;&#x9;at com.kms.katalon.core.webui.keyword.builtin.ClickKeyword$_click_closure1.call(ClickKeyword.groovy)&#xA;&#x9;at com.kms.katalon.core.webui.keyword.internal.WebUIKeywordMain.runKeyword(WebUIKeywordMain.groovy:20)&#xA;&#x9;... 19 more&#xA;"/>
            <system-out>2019-09-06 09:57:28 - [TEST_CASE][FAILED] - Test Cases/IP-038 ( Report Resident List ): Test Cases/IP-038 ( Report Resident List ) FAILED.
Reason:
com.kms.katalon.core.exception.StepFailedException: Unable to click on object 'Object Repository/Report Resident list/button_Yes Assign'
	at com.kms.katalon.core.webui.keyword.internal.WebUIKeywordMain.stepFailed(WebUIKeywordMain.groovy:64)
	at com.kms.katalon.core.webui.keyword.internal.WebUIKeywordMain.runKeyword(WebUIKeywordMain.groovy:26)
	at com.kms.katalon.core.webui.keyword.builtin.ClickKeyword.click(ClickKeyword.groovy:86)
	at com.kms.katalon.core.webui.keyword.builtin.ClickKeyword.execute(ClickKeyword.groovy:67)
	at com.kms.katalon.core.keyword.internal.KeywordExecutor.executeKeywordForPlatform(KeywordExecutor.groovy:56)
	at com.kms.katalon.core.webui.keyword.WebUiBuiltInKeywords.click(WebUiBuiltInKeywords.groovy:616)
	at com.kms.katalon.core.webui.keyword.WebUiBuiltInKeywords$click$2.call(Unknown Source)
	at IP-038 ( Report Resident List ).run(IP-038 ( Report Resident List ):56)
	at com.kms.katalon.core.main.ScriptEngine.run(ScriptEngine.java:194)
	at com.kms.katalon.core.main.ScriptEngine.runScriptAsRawText(ScriptEngine.java:119)
	at com.kms.katalon.core.main.TestCaseExecutor.runScript(TestCaseExecutor.java:337)
	at com.kms.katalon.core.main.TestCaseExecutor.doExecute(TestCaseExecutor.java:328)
	at com.kms.katalon.core.main.TestCaseExecutor.processExecutionPhase(TestCaseExecutor.java:307)
	at com.kms.katalon.core.main.TestCaseExecutor.accessMainPhase(TestCaseExecutor.java:299)
	at com.kms.katalon.core.main.TestCaseExecutor.execute(TestCaseExecutor.java:233)
	at com.kms.katalon.core.main.TestSuiteExecutor.accessTestCaseMainPhase(TestSuiteExecutor.java:169)
	at com.kms.katalon.core.main.TestSuiteExecutor.accessTestSuiteMainPhase(TestSuiteExecutor.java:142)
	at com.kms.katalon.core.main.TestSuiteExecutor.execute(TestSuiteExecutor.java:91)
	at com.kms.katalon.core.main.TestCaseMain.startTestSuite(TestCaseMain.java:157)
	at com.kms.katalon.core.main.TestCaseMain$startTestSuite$0.call(Unknown Source)
	at TempTestSuite1567738627546.run(TempTestSuite1567738627546.groovy:35)
Caused by: com.kms.katalon.core.webui.exception.WebElementNotFoundException: Web element with id: 'Object Repository/Report Resident list/button_Yes Assign' located by 'By.xpath: (//button[@type='button'])[16]' not found
	at com.kms.katalon.core.webui.common.WebUiCommonHelper.findWebElement(WebUiCommonHelper.java:1097)
	at com.kms.katalon.core.webui.keyword.internal.WebUIAbstractKeyword.findWebElement(WebUIAbstractKeyword.groovy:27)
	at com.kms.katalon.core.webui.keyword.internal.WebUIAbstractKeyword.findWebElement(WebUIAbstractKeyword.groovy:26)
	at com.kms.katalon.core.webui.keyword.builtin.ClickKeyword$_click_closure1.doCall(ClickKeyword.groovy:77)
	at com.kms.katalon.core.webui.keyword.builtin.ClickKeyword$_click_closure1.call(ClickKeyword.groovy)
	at com.kms.katalon.core.webui.keyword.internal.WebUIKeywordMain.runKeyword(WebUIKeywordMain.groovy:20)
	... 19 more


2019-09-06 09:57:28 - [TEST_STEP][PASSED] - callTestCase(findTestCase("IP-001 (Login hit berkali kali)"), ["Email":"aaa@gmail.com", "Password":"123445656"], STOP_ON_FAILURE): Call Test Case 'Test Cases/IP-001 (Login hit berkali kali)' successfully

2019-09-06 09:57:29 - [TEST_CASE][PASSED] - Test Cases/IP-001 (Login hit berkali kali): Test Cases/IP-001 (Login hit berkali kali)

2019-09-06 09:57:29 - [TEST_STEP][PASSED] - openBrowser("http://kamisa.web.iprop-dev.com/login"): Browser is opened with url: 'http://kamisa.web.iprop-dev.com/login'

2019-09-06 09:57:29 - [MESSAGE][INFO] - Starting 'Chrome' driver

2019-09-06 09:57:29 - [MESSAGE][INFO] - Action delay is set to 0 seconds

2019-09-06 09:57:35 - [MESSAGE][PASSED] - Browser is opened with url: 'http://kamisa.web.iprop-dev.com/login'

2019-09-06 09:57:35 - [TEST_STEP][PASSED] - delay(3): Delayed 3 second(s)

2019-09-06 09:57:38 - [MESSAGE][PASSED] - Delayed 3 second(s)

2019-09-06 09:57:38 - [TEST_STEP][PASSED] - setText(findTestObject("Page_iPropio - Login/input_Email_email"), "didinonpqcms@gmail.com"): Text 'didinonpqcms@gmail.com' is set on object 'Object Repository/Page_iPropio - Login/input_Email_email'

2019-09-06 09:57:40 - [MESSAGE][PASSED] - Text 'didinonpqcms@gmail.com' is set on object 'Object Repository/Page_iPropio - Login/input_Email_email'

2019-09-06 09:57:40 - [TEST_STEP][PASSED] - delay(5): Delayed 5 second(s)

2019-09-06 09:57:45 - [MESSAGE][PASSED] - Delayed 5 second(s)

2019-09-06 09:57:45 - [TEST_STEP][PASSED] - takeScreenshot("/Users/refqi/Documents/webippro/4.png"): Taking screenshot successfully

2019-09-06 09:57:45 - [MESSAGE][PASSED] - Taking screenshot successfully
[[ATTACHMENT|/Users/refqi/Documents/webippro/4.png]]

2019-09-06 09:57:45 - [TEST_STEP][PASSED] - setText(findTestObject("Page_iPropio - Login/input_Password_password"), "testing12345"): Text 'testing12345' is set on object 'Object Repository/Page_iPropio - Login/input_Password_password'

2019-09-06 09:57:46 - [MESSAGE][PASSED] - Text 'testing12345' is set on object 'Object Repository/Page_iPropio - Login/input_Password_password'

2019-09-06 09:57:46 - [TEST_STEP][PASSED] - delay(3): Delayed 3 second(s)

2019-09-06 09:57:49 - [MESSAGE][PASSED] - Delayed 3 second(s)

2019-09-06 09:57:49 - [TEST_STEP][PASSED] - takeScreenshot("/Users/refqi/Documents/webippro/5.png"): Taking screenshot successfully

2019-09-06 09:57:49 - [MESSAGE][PASSED] - Taking screenshot successfully
[[ATTACHMENT|/Users/refqi/Documents/webippro/5.png]]

2019-09-06 09:57:49 - [TEST_STEP][PASSED] - click(findTestObject("Page_iPropio - Login/button_Login Now")): Object: 'Object Repository/Page_iPropio - Login/button_Login Now' is clicked on

2019-09-06 09:57:49 - [MESSAGE][PASSED] - Object: 'Object Repository/Page_iPropio - Login/button_Login Now' is clicked on

2019-09-06 09:57:49 - [MESSAGE][PASSED] - Call Test Case 'Test Cases/IP-001 (Login hit berkali kali)' successfully

2019-09-06 09:57:49 - [TEST_STEP][PASSED] - delay(2): Delayed 2 second(s)

2019-09-06 09:57:51 - [MESSAGE][PASSED] - Delayed 2 second(s)

2019-09-06 09:57:51 - [TEST_STEP][PASSED] - click(findTestObject("Object Repository/Report Resident list/div_Reports")): Object: 'Object Repository/Report Resident list/div_Reports' is clicked on

2019-09-06 09:57:52 - [MESSAGE][PASSED] - Object: 'Object Repository/Report Resident list/div_Reports' is clicked on

2019-09-06 09:57:52 - [TEST_STEP][PASSED] - click(findTestObject("Object Repository/Report Resident list/a_Resident List")): Object: 'Object Repository/Report Resident list/a_Resident List' is clicked on

2019-09-06 09:57:52 - [MESSAGE][PASSED] - Object: 'Object Repository/Report Resident list/a_Resident List' is clicked on

2019-09-06 09:57:52 - [TEST_STEP][PASSED] - delay(0): Delayed 0 second(s)

2019-09-06 09:57:52 - [MESSAGE][PASSED] - Delayed 0 second(s)

2019-09-06 09:57:52 - [TEST_STEP][PASSED] - takeScreenshot(): Taking screenshot successfully

2019-09-06 09:57:52 - [MESSAGE][PASSED] - Taking screenshot successfully
[[ATTACHMENT|/Users/refqi/git/ipropio/Reports/20190906_095707/IP-038 ( Report Resident List )/20190906_095707/1567738672463.png]]

2019-09-06 09:57:52 - [TEST_STEP][PASSED] - click(findTestObject("Object Repository/Report Resident list/td_test resident 2")): Object: 'Object Repository/Report Resident list/td_test resident 2' is clicked on

2019-09-06 09:57:54 - [MESSAGE][PASSED] - Object: 'Object Repository/Report Resident list/td_test resident 2' is clicked on

2019-09-06 09:57:54 - [TEST_STEP][PASSED] - delay(5): Delayed 5 second(s)

2019-09-06 09:57:59 - [MESSAGE][PASSED] - Delayed 5 second(s)

2019-09-06 09:57:59 - [TEST_STEP][PASSED] - click(findTestObject("Object Repository/Report Resident list/button_Edit Resident Data")): Object: 'Object Repository/Report Resident list/button_Edit Resident Data' is clicked on

2019-09-06 09:57:59 - [MESSAGE][PASSED] - Object: 'Object Repository/Report Resident list/button_Edit Resident Data' is clicked on

2019-09-06 09:57:59 - [TEST_STEP][PASSED] - setText(findTestObject("Report Resident list/input__first name"), "testing"): Text 'testing' is set on object 'Object Repository/Report Resident list/input__first name'

2019-09-06 09:58:00 - [MESSAGE][PASSED] - Text 'testing' is set on object 'Object Repository/Report Resident list/input__first name'

2019-09-06 09:58:00 - [TEST_STEP][PASSED] - setText(findTestObject("Report Resident list/input__last name"), "resident 3"): Text 'resident 3' is set on object 'Object Repository/Report Resident list/input__last name'

2019-09-06 09:58:01 - [MESSAGE][PASSED] - Text 'resident 3' is set on object 'Object Repository/Report Resident list/input__last name'

2019-09-06 09:58:01 - [TEST_STEP][PASSED] - setText(findTestObject("Report Resident list/input_House Telephone Number_house-telephone-number"), "021222222"): Text '021222222' is set on object 'Object Repository/Report Resident list/input_House Telephone Number_house-telephone-number'

2019-09-06 09:58:02 - [MESSAGE][PASSED] - Text '021222222' is set on object 'Object Repository/Report Resident list/input_House Telephone Number_house-telephone-number'

2019-09-06 09:58:02 - [TEST_STEP][PASSED] - delay(0): Delayed 0 second(s)

2019-09-06 09:58:02 - [MESSAGE][PASSED] - Delayed 0 second(s)

2019-09-06 09:58:02 - [TEST_STEP][PASSED] - takeScreenshot(): Taking screenshot successfully

2019-09-06 09:58:02 - [MESSAGE][PASSED] - Taking screenshot successfully
[[ATTACHMENT|/Users/refqi/git/ipropio/Reports/20190906_095707/IP-038 ( Report Resident List )/20190906_095707/1567738682264.png]]

2019-09-06 09:58:02 - [TEST_STEP][PASSED] - click(findTestObject("Report Resident list/button_Save Resident Data")): Object: 'Object Repository/Report Resident list/button_Save Resident Data' is clicked on

2019-09-06 09:58:02 - [MESSAGE][PASSED] - Object: 'Object Repository/Report Resident list/button_Save Resident Data' is clicked on

2019-09-06 09:58:02 - [TEST_STEP][PASSED] - takeScreenshot(): Taking screenshot successfully

2019-09-06 09:58:03 - [MESSAGE][PASSED] - Taking screenshot successfully
[[ATTACHMENT|/Users/refqi/git/ipropio/Reports/20190906_095707/IP-038 ( Report Resident List )/20190906_095707/1567738682872.png]]

2019-09-06 09:58:03 - [TEST_STEP][PASSED] - click(findTestObject("Object Repository/Report Resident list/button_Back")): Object: 'Object Repository/Report Resident list/button_Back' is clicked on

2019-09-06 09:58:03 - [MESSAGE][PASSED] - Object: 'Object Repository/Report Resident list/button_Back' is clicked on

2019-09-06 09:58:03 - [TEST_STEP][PASSED] - takeScreenshot(): Taking screenshot successfully

2019-09-06 09:58:04 - [MESSAGE][PASSED] - Taking screenshot successfully
[[ATTACHMENT|/Users/refqi/git/ipropio/Reports/20190906_095707/IP-038 ( Report Resident List )/20190906_095707/1567738683619.png]]

2019-09-06 09:58:04 - [TEST_STEP][PASSED] - click(findTestObject("Object Repository/Report Resident list/button_Assign")): Object: 'Object Repository/Report Resident list/button_Assign' is clicked on

2019-09-06 09:58:04 - [MESSAGE][PASSED] - Object: 'Object Repository/Report Resident list/button_Assign' is clicked on

2019-09-06 09:58:04 - [TEST_STEP][FAILED] - click(findTestObject("Report Resident list/button_Yes Assign")): Unable to click on object 'Object Repository/Report Resident list/button_Yes Assign' (Root cause: com.kms.katalon.core.exception.StepFailedException: Unable to click on object 'Object Repository/Report Resident list/button_Yes Assign'
	at com.kms.katalon.core.webui.keyword.internal.WebUIKeywordMain.stepFailed(WebUIKeywordMain.groovy:64)
	at com.kms.katalon.core.webui.keyword.internal.WebUIKeywordMain.runKeyword(WebUIKeywordMain.groovy:26)
	at com.kms.katalon.core.webui.keyword.builtin.ClickKeyword.click(ClickKeyword.groovy:86)
	at com.kms.katalon.core.webui.keyword.builtin.ClickKeyword.execute(ClickKeyword.groovy:67)
	at com.kms.katalon.core.keyword.internal.KeywordExecutor.executeKeywordForPlatform(KeywordExecutor.groovy:56)
	at com.kms.katalon.core.webui.keyword.WebUiBuiltInKeywords.click(WebUiBuiltInKeywords.groovy:616)
	at com.kms.katalon.core.webui.keyword.WebUiBuiltInKeywords$click$2.call(Unknown Source)
	at IP-038 ( Report Resident List ).run(IP-038 ( Report Resident List ):56)
	at com.kms.katalon.core.main.ScriptEngine.run(ScriptEngine.java:194)
	at com.kms.katalon.core.main.ScriptEngine.runScriptAsRawText(ScriptEngine.java:119)
	at com.kms.katalon.core.main.TestCaseExecutor.runScript(TestCaseExecutor.java:337)
	at com.kms.katalon.core.main.TestCaseExecutor.doExecute(TestCaseExecutor.java:328)
	at com.kms.katalon.core.main.TestCaseExecutor.processExecutionPhase(TestCaseExecutor.java:307)
	at com.kms.katalon.core.main.TestCaseExecutor.accessMainPhase(TestCaseExecutor.java:299)
	at com.kms.katalon.core.main.TestCaseExecutor.execute(TestCaseExecutor.java:233)
	at com.kms.katalon.core.main.TestSuiteExecutor.accessTestCaseMainPhase(TestSuiteExecutor.java:169)
	at com.kms.katalon.core.main.TestSuiteExecutor.accessTestSuiteMainPhase(TestSuiteExecutor.java:142)
	at com.kms.katalon.core.main.TestSuiteExecutor.execute(TestSuiteExecutor.java:91)
	at com.kms.katalon.core.main.TestCaseMain.startTestSuite(TestCaseMain.java:157)
	at com.kms.katalon.core.main.TestCaseMain$startTestSuite$0.call(Unknown Source)
	at TempTestSuite1567738627546.run(TempTestSuite1567738627546.groovy:35)
Caused by: com.kms.katalon.core.webui.exception.WebElementNotFoundException: Web element with id: 'Object Repository/Report Resident list/button_Yes Assign' located by 'By.xpath: (//button[@type='button'])[16]' not found
	at com.kms.katalon.core.webui.common.WebUiCommonHelper.findWebElement(WebUiCommonHelper.java:1097)
	at com.kms.katalon.core.webui.keyword.internal.WebUIAbstractKeyword.findWebElement(WebUIAbstractKeyword.groovy:27)
	at com.kms.katalon.core.webui.keyword.internal.WebUIAbstractKeyword.findWebElement(WebUIAbstractKeyword.groovy:26)
	at com.kms.katalon.core.webui.keyword.builtin.ClickKeyword$_click_closure1.doCall(ClickKeyword.groovy:77)
	at com.kms.katalon.core.webui.keyword.builtin.ClickKeyword$_click_closure1.call(ClickKeyword.groovy)
	at com.kms.katalon.core.webui.keyword.internal.WebUIKeywordMain.runKeyword(WebUIKeywordMain.groovy:20)
	at com.kms.katalon.core.webui.keyword.builtin.ClickKeyword.click(ClickKeyword.groovy:86)
	at com.kms.katalon.core.webui.keyword.builtin.ClickKeyword.execute(ClickKeyword.groovy:67)
	at com.kms.katalon.core.keyword.internal.KeywordExecutor.executeKeywordForPlatform(KeywordExecutor.groovy:56)
	at com.kms.katalon.core.webui.keyword.WebUiBuiltInKeywords.click(WebUiBuiltInKeywords.groovy:616)
	at com.kms.katalon.core.webui.keyword.WebUiBuiltInKeywords$click$2.call(Unknown Source)
	at Script1567736927278.run(Script1567736927278.groovy:56)
	... 13 more
)

2019-09-06 09:58:35 - [MESSAGE][INFO] - Unable to find the element located by 'By.xpath: (//button[@type='button'])[16]'. Please recheck the objects properties to make sure the desired element is located. 

2019-09-06 09:58:35 - [MESSAGE][FAILED] - Unable to click on object 'Object Repository/Report Resident list/button_Yes Assign' (Root cause: com.kms.katalon.core.exception.StepFailedException: Unable to click on object 'Object Repository/Report Resident list/button_Yes Assign'
	at com.kms.katalon.core.webui.keyword.internal.WebUIKeywordMain.stepFailed(WebUIKeywordMain.groovy:64)
	at com.kms.katalon.core.webui.keyword.internal.WebUIKeywordMain.runKeyword(WebUIKeywordMain.groovy:26)
	at com.kms.katalon.core.webui.keyword.builtin.ClickKeyword.click(ClickKeyword.groovy:86)
	at com.kms.katalon.core.webui.keyword.builtin.ClickKeyword.execute(ClickKeyword.groovy:67)
	at com.kms.katalon.core.keyword.internal.KeywordExecutor.executeKeywordForPlatform(KeywordExecutor.groovy:56)
	at com.kms.katalon.core.webui.keyword.WebUiBuiltInKeywords.click(WebUiBuiltInKeywords.groovy:616)
	at com.kms.katalon.core.webui.keyword.WebUiBuiltInKeywords$click$2.call(Unknown Source)
	at IP-038 ( Report Resident List ).run(IP-038 ( Report Resident List ):56)
	at com.kms.katalon.core.main.ScriptEngine.run(ScriptEngine.java:194)
	at com.kms.katalon.core.main.ScriptEngine.runScriptAsRawText(ScriptEngine.java:119)
	at com.kms.katalon.core.main.TestCaseExecutor.runScript(TestCaseExecutor.java:337)
	at com.kms.katalon.core.main.TestCaseExecutor.doExecute(TestCaseExecutor.java:328)
	at com.kms.katalon.core.main.TestCaseExecutor.processExecutionPhase(TestCaseExecutor.java:307)
	at com.kms.katalon.core.main.TestCaseExecutor.accessMainPhase(TestCaseExecutor.java:299)
	at com.kms.katalon.core.main.TestCaseExecutor.execute(TestCaseExecutor.java:233)
	at com.kms.katalon.core.main.TestSuiteExecutor.accessTestCaseMainPhase(TestSuiteExecutor.java:169)
	at com.kms.katalon.core.main.TestSuiteExecutor.accessTestSuiteMainPhase(TestSuiteExecutor.java:142)
	at com.kms.katalon.core.main.TestSuiteExecutor.execute(TestSuiteExecutor.java:91)
	at com.kms.katalon.core.main.TestCaseMain.startTestSuite(TestCaseMain.java:157)
	at com.kms.katalon.core.main.TestCaseMain$startTestSuite$0.call(Unknown Source)
	at TempTestSuite1567738627546.run(TempTestSuite1567738627546.groovy:35)
Caused by: com.kms.katalon.core.webui.exception.WebElementNotFoundException: Web element with id: 'Object Repository/Report Resident list/button_Yes Assign' located by 'By.xpath: (//button[@type='button'])[16]' not found
	at com.kms.katalon.core.webui.common.WebUiCommonHelper.findWebElement(WebUiCommonHelper.java:1097)
	at com.kms.katalon.core.webui.keyword.internal.WebUIAbstractKeyword.findWebElement(WebUIAbstractKeyword.groovy:27)
	at com.kms.katalon.core.webui.keyword.internal.WebUIAbstractKeyword.findWebElement(WebUIAbstractKeyword.groovy:26)
	at com.kms.katalon.core.webui.keyword.builtin.ClickKeyword$_click_closure1.doCall(ClickKeyword.groovy:77)
	at com.kms.katalon.core.webui.keyword.builtin.ClickKeyword$_click_closure1.call(ClickKeyword.groovy)
	at com.kms.katalon.core.webui.keyword.internal.WebUIKeywordMain.runKeyword(WebUIKeywordMain.groovy:20)
	at com.kms.katalon.core.webui.keyword.builtin.ClickKeyword.click(ClickKeyword.groovy:86)
	at com.kms.katalon.core.webui.keyword.builtin.ClickKeyword.execute(ClickKeyword.groovy:67)
	at com.kms.katalon.core.keyword.internal.KeywordExecutor.executeKeywordForPlatform(KeywordExecutor.groovy:56)
	at com.kms.katalon.core.webui.keyword.WebUiBuiltInKeywords.click(WebUiBuiltInKeywords.groovy:616)
	at com.kms.katalon.core.webui.keyword.WebUiBuiltInKeywords$click$2.call(Unknown Source)
	at Script1567736927278.run(Script1567736927278.groovy:56)
	... 13 more
)</system-out>
            <system-err>2019-09-06 09:57:28 - [TEST_CASE][FAILED] - Test Cases/IP-038 ( Report Resident List ): Test Cases/IP-038 ( Report Resident List ) FAILED.
Reason:
com.kms.katalon.core.exception.StepFailedException: Unable to click on object 'Object Repository/Report Resident list/button_Yes Assign'
	at com.kms.katalon.core.webui.keyword.internal.WebUIKeywordMain.stepFailed(WebUIKeywordMain.groovy:64)
	at com.kms.katalon.core.webui.keyword.internal.WebUIKeywordMain.runKeyword(WebUIKeywordMain.groovy:26)
	at com.kms.katalon.core.webui.keyword.builtin.ClickKeyword.click(ClickKeyword.groovy:86)
	at com.kms.katalon.core.webui.keyword.builtin.ClickKeyword.execute(ClickKeyword.groovy:67)
	at com.kms.katalon.core.keyword.internal.KeywordExecutor.executeKeywordForPlatform(KeywordExecutor.groovy:56)
	at com.kms.katalon.core.webui.keyword.WebUiBuiltInKeywords.click(WebUiBuiltInKeywords.groovy:616)
	at com.kms.katalon.core.webui.keyword.WebUiBuiltInKeywords$click$2.call(Unknown Source)
	at IP-038 ( Report Resident List ).run(IP-038 ( Report Resident List ):56)
	at com.kms.katalon.core.main.ScriptEngine.run(ScriptEngine.java:194)
	at com.kms.katalon.core.main.ScriptEngine.runScriptAsRawText(ScriptEngine.java:119)
	at com.kms.katalon.core.main.TestCaseExecutor.runScript(TestCaseExecutor.java:337)
	at com.kms.katalon.core.main.TestCaseExecutor.doExecute(TestCaseExecutor.java:328)
	at com.kms.katalon.core.main.TestCaseExecutor.processExecutionPhase(TestCaseExecutor.java:307)
	at com.kms.katalon.core.main.TestCaseExecutor.accessMainPhase(TestCaseExecutor.java:299)
	at com.kms.katalon.core.main.TestCaseExecutor.execute(TestCaseExecutor.java:233)
	at com.kms.katalon.core.main.TestSuiteExecutor.accessTestCaseMainPhase(TestSuiteExecutor.java:169)
	at com.kms.katalon.core.main.TestSuiteExecutor.accessTestSuiteMainPhase(TestSuiteExecutor.java:142)
	at com.kms.katalon.core.main.TestSuiteExecutor.execute(TestSuiteExecutor.java:91)
	at com.kms.katalon.core.main.TestCaseMain.startTestSuite(TestCaseMain.java:157)
	at com.kms.katalon.core.main.TestCaseMain$startTestSuite$0.call(Unknown Source)
	at TempTestSuite1567738627546.run(TempTestSuite1567738627546.groovy:35)
Caused by: com.kms.katalon.core.webui.exception.WebElementNotFoundException: Web element with id: 'Object Repository/Report Resident list/button_Yes Assign' located by 'By.xpath: (//button[@type='button'])[16]' not found
	at com.kms.katalon.core.webui.common.WebUiCommonHelper.findWebElement(WebUiCommonHelper.java:1097)
	at com.kms.katalon.core.webui.keyword.internal.WebUIAbstractKeyword.findWebElement(WebUIAbstractKeyword.groovy:27)
	at com.kms.katalon.core.webui.keyword.internal.WebUIAbstractKeyword.findWebElement(WebUIAbstractKeyword.groovy:26)
	at com.kms.katalon.core.webui.keyword.builtin.ClickKeyword$_click_closure1.doCall(ClickKeyword.groovy:77)
	at com.kms.katalon.core.webui.keyword.builtin.ClickKeyword$_click_closure1.call(ClickKeyword.groovy)
	at com.kms.katalon.core.webui.keyword.internal.WebUIKeywordMain.runKeyword(WebUIKeywordMain.groovy:20)
	... 19 more</system-err>
        </testcase>
        <system-out>2019-09-06 09:57:27 - [TEST_SUITE][INCOMPLETE] - IP-038 ( Report Resident List ): null</system-out>
        <system-err>2019-09-06 09:57:27 - [TEST_SUITE][INCOMPLETE] - IP-038 ( Report Resident List ): null</system-err>
    </testsuite>
</testsuites>
