<?xml version="1.0" encoding="UTF-8" standalone="yes"?>
<testsuites name="IP-034 ( Property List )" time="65" tests="0" failures="1" errors="0">
    <testsuite name="IP-034 ( Property List )" tests="0" failures="1" errors="0" time="65" timestamp="2019-09-03 09:46:04" hostname="refqi - 10.250.250.58" id="Test Suites/IP-034 ( Property List )">
        <properties>
            <property name="deviceName" value=""/>
            <property name="devicePlatform" value=""/>
            <property name="logFolder" value="/Users/refqi/Katalon Studio/ipropio otomasi/Reports/20190903_094601/IP-034 ( Property List )/20190903_094601"/>
            <property name="logFiles" value="/Users/refqi/Katalon Studio/ipropio otomasi/Reports/20190903_094601/IP-034 ( Property List )/20190903_094601/execution0.log"/>
            <property name="attachments" value="/Users/refqi/Documents/webippro/4.png, /Users/refqi/Documents/webippro/5.png, /Users/refqi/Katalon Studio/ipropio otomasi/Reports/20190903_094601/IP-034 ( Property List )/20190903_094601/1567478796506.png, /Users/refqi/Katalon Studio/ipropio otomasi/Reports/20190903_094601/IP-034 ( Property List )/20190903_094601/1567478797215.png, /Users/refqi/Katalon Studio/ipropio otomasi/Reports/20190903_094601/IP-034 ( Property List )/20190903_094601/1567478798974.png, /Users/refqi/Katalon Studio/ipropio otomasi/Reports/20190903_094601/IP-034 ( Property List )/20190903_094601/1567478800743.png, /Users/refqi/Katalon Studio/ipropio otomasi/Reports/20190903_094601/IP-034 ( Property List )/20190903_094601/1567478802345.png, /Users/refqi/Katalon Studio/ipropio otomasi/Reports/20190903_094601/IP-034 ( Property List )/20190903_094601/1567478829647.png"/>
            <property name="hostName" value="refqi - 10.250.250.58"/>
            <property name="os" value="Mac OS X 64bit"/>
            <property name="katalonVersion" value="6.3.3.11"/>
            <property name="browser" value="Chrome 76.0.3809.100"/>
            <property name="hostAddress" value="10.250.250.58"/>
            <property name="sessionId" value="fb681b9954c96045a9fe527a117fd9df"/>
            <property name="seleniumVersion" value="3.141.59"/>
            <property name="proxyInformation" value="ProxyInformation{proxyOption=NO_PROXY, proxyServerType=HTTP, password=, proxyServerAddress=, proxyServerPort=0}"/>
            <property name="platform" value="Mac OS X"/>
        </properties>
        <testcase name="Test Cases/IP0-34 ( Property List )" classname="Test Cases/IP0-34 ( Property List )" status="FAILED">
            <failure type="FAILED" message="Test Cases/IP0-34 ( Property List ) FAILED.&#xA;Reason:&#xA;com.kms.katalon.core.exception.StepFailedException: Unable to click on object 'Object Repository/Report Property List/button_Update Property Details'&#xA;&#x9;at com.kms.katalon.core.webui.keyword.internal.WebUIKeywordMain.stepFailed(WebUIKeywordMain.groovy:64)&#xA;&#x9;at com.kms.katalon.core.webui.keyword.internal.WebUIKeywordMain.runKeyword(WebUIKeywordMain.groovy:26)&#xA;&#x9;at com.kms.katalon.core.webui.keyword.builtin.ClickKeyword.click(ClickKeyword.groovy:86)&#xA;&#x9;at com.kms.katalon.core.webui.keyword.builtin.ClickKeyword.execute(ClickKeyword.groovy:67)&#xA;&#x9;at com.kms.katalon.core.keyword.internal.KeywordExecutor.executeKeywordForPlatform(KeywordExecutor.groovy:56)&#xA;&#x9;at com.kms.katalon.core.webui.keyword.WebUiBuiltInKeywords.click(WebUiBuiltInKeywords.groovy:616)&#xA;&#x9;at com.kms.katalon.core.webui.keyword.WebUiBuiltInKeywords$click$2.call(Unknown Source)&#xA;&#x9;at IP0-34 ( Property List ).run(IP0-34 ( Property List ):74)&#xA;&#x9;at com.kms.katalon.core.main.ScriptEngine.run(ScriptEngine.java:194)&#xA;&#x9;at com.kms.katalon.core.main.ScriptEngine.runScriptAsRawText(ScriptEngine.java:119)&#xA;&#x9;at com.kms.katalon.core.main.TestCaseExecutor.runScript(TestCaseExecutor.java:337)&#xA;&#x9;at com.kms.katalon.core.main.TestCaseExecutor.doExecute(TestCaseExecutor.java:328)&#xA;&#x9;at com.kms.katalon.core.main.TestCaseExecutor.processExecutionPhase(TestCaseExecutor.java:307)&#xA;&#x9;at com.kms.katalon.core.main.TestCaseExecutor.accessMainPhase(TestCaseExecutor.java:299)&#xA;&#x9;at com.kms.katalon.core.main.TestCaseExecutor.execute(TestCaseExecutor.java:233)&#xA;&#x9;at com.kms.katalon.core.main.TestSuiteExecutor.accessTestCaseMainPhase(TestSuiteExecutor.java:169)&#xA;&#x9;at com.kms.katalon.core.main.TestSuiteExecutor.accessTestSuiteMainPhase(TestSuiteExecutor.java:142)&#xA;&#x9;at com.kms.katalon.core.main.TestSuiteExecutor.execute(TestSuiteExecutor.java:91)&#xA;&#x9;at com.kms.katalon.core.main.TestCaseMain.startTestSuite(TestCaseMain.java:157)&#xA;&#x9;at com.kms.katalon.core.main.TestCaseMain$startTestSuite$0.call(Unknown Source)&#xA;&#x9;at TempTestSuite1567478761097.run(TempTestSuite1567478761097.groovy:35)&#xA;Caused by: org.openqa.selenium.ElementClickInterceptedException: element click intercepted: Element &lt;button data-v-340ebf3a=&quot;&quot; type=&quot;submit&quot; class=&quot;btn btn-primary&quot;&gt;...&lt;/button&gt; is not clickable at point (597, 511). Other element would receive the click: &lt;li role=&quot;option&quot; class=&quot;vs__dropdown-option vs__dropdown-option--selected&quot;&gt;...&lt;/li&gt;&#xA;  (Session info: chrome=76.0.3809.100)&#xA;Build info: version: '3.141.59', revision: 'e82be7d358', time: '2018-11-14T08:25:53'&#xA;System info: host: 'refqihussein', ip: 'fe80:0:0:0:c3d:463b:a7bd:7957%en0', os.name: 'Mac OS X', os.arch: 'x86_64', os.version: '10.14.6', java.version: '1.8.0_181'&#xA;Driver info: com.kms.katalon.selenium.driver.CChromeDriver&#xA;Capabilities {acceptInsecureCerts: false, browserName: chrome, browserVersion: 76.0.3809.100, chrome: {chromedriverVersion: 76.0.3809.68 (420c9498db8ce..., userDataDir: /var/folders/48/kr7c_wm56yv...}, goog:chromeOptions: {debuggerAddress: localhost:50803}, javascriptEnabled: true, networkConnectionEnabled: false, pageLoadStrategy: normal, platform: MAC, platformName: MAC, proxy: Proxy(), setWindowRect: true, strictFileInteractability: false, timeouts: {implicit: 0, pageLoad: 300000, script: 30000}, unhandledPromptBehavior: dismiss and notify}&#xA;Session ID: fb681b9954c96045a9fe527a117fd9df&#xA;&#x9;at org.openqa.selenium.remote.http.W3CHttpResponseCodec.createException(W3CHttpResponseCodec.java:187)&#xA;&#x9;at org.openqa.selenium.remote.http.W3CHttpResponseCodec.decode(W3CHttpResponseCodec.java:122)&#xA;&#x9;at org.openqa.selenium.remote.http.W3CHttpResponseCodec.decode(W3CHttpResponseCodec.java:49)&#xA;&#x9;at org.openqa.selenium.remote.HttpCommandExecutor.execute(HttpCommandExecutor.java:158)&#xA;&#x9;at org.openqa.selenium.remote.service.DriverCommandExecutor.execute(DriverCommandExecutor.java:83)&#xA;&#x9;at org.openqa.selenium.remote.RemoteWebDriver.execute(RemoteWebDriver.java:552)&#xA;&#x9;at com.kms.katalon.selenium.driver.CChromeDriver.execute(CChromeDriver.java:20)&#xA;&#x9;at org.openqa.selenium.remote.RemoteWebElement.execute(RemoteWebElement.java:285)&#xA;&#x9;at org.openqa.selenium.remote.RemoteWebElement.click(RemoteWebElement.java:84)&#xA;&#x9;at com.kms.katalon.core.webui.keyword.builtin.ClickKeyword$_click_closure1.doCall(ClickKeyword.groovy:79)&#xA;&#x9;at com.kms.katalon.core.webui.keyword.builtin.ClickKeyword$_click_closure1.call(ClickKeyword.groovy)&#xA;&#x9;at com.kms.katalon.core.webui.keyword.internal.WebUIKeywordMain.runKeyword(WebUIKeywordMain.groovy:20)&#xA;&#x9;... 19 more&#xA;"/>
            <system-out>2019-09-03 09:46:04 - [TEST_CASE][FAILED] - Test Cases/IP0-34 ( Property List ): Test Cases/IP0-34 ( Property List ) FAILED.
Reason:
com.kms.katalon.core.exception.StepFailedException: Unable to click on object 'Object Repository/Report Property List/button_Update Property Details'
	at com.kms.katalon.core.webui.keyword.internal.WebUIKeywordMain.stepFailed(WebUIKeywordMain.groovy:64)
	at com.kms.katalon.core.webui.keyword.internal.WebUIKeywordMain.runKeyword(WebUIKeywordMain.groovy:26)
	at com.kms.katalon.core.webui.keyword.builtin.ClickKeyword.click(ClickKeyword.groovy:86)
	at com.kms.katalon.core.webui.keyword.builtin.ClickKeyword.execute(ClickKeyword.groovy:67)
	at com.kms.katalon.core.keyword.internal.KeywordExecutor.executeKeywordForPlatform(KeywordExecutor.groovy:56)
	at com.kms.katalon.core.webui.keyword.WebUiBuiltInKeywords.click(WebUiBuiltInKeywords.groovy:616)
	at com.kms.katalon.core.webui.keyword.WebUiBuiltInKeywords$click$2.call(Unknown Source)
	at IP0-34 ( Property List ).run(IP0-34 ( Property List ):74)
	at com.kms.katalon.core.main.ScriptEngine.run(ScriptEngine.java:194)
	at com.kms.katalon.core.main.ScriptEngine.runScriptAsRawText(ScriptEngine.java:119)
	at com.kms.katalon.core.main.TestCaseExecutor.runScript(TestCaseExecutor.java:337)
	at com.kms.katalon.core.main.TestCaseExecutor.doExecute(TestCaseExecutor.java:328)
	at com.kms.katalon.core.main.TestCaseExecutor.processExecutionPhase(TestCaseExecutor.java:307)
	at com.kms.katalon.core.main.TestCaseExecutor.accessMainPhase(TestCaseExecutor.java:299)
	at com.kms.katalon.core.main.TestCaseExecutor.execute(TestCaseExecutor.java:233)
	at com.kms.katalon.core.main.TestSuiteExecutor.accessTestCaseMainPhase(TestSuiteExecutor.java:169)
	at com.kms.katalon.core.main.TestSuiteExecutor.accessTestSuiteMainPhase(TestSuiteExecutor.java:142)
	at com.kms.katalon.core.main.TestSuiteExecutor.execute(TestSuiteExecutor.java:91)
	at com.kms.katalon.core.main.TestCaseMain.startTestSuite(TestCaseMain.java:157)
	at com.kms.katalon.core.main.TestCaseMain$startTestSuite$0.call(Unknown Source)
	at TempTestSuite1567478761097.run(TempTestSuite1567478761097.groovy:35)
Caused by: org.openqa.selenium.ElementClickInterceptedException: element click intercepted: Element &lt;button data-v-340ebf3a="" type="submit" class="btn btn-primary"&gt;...&lt;/button&gt; is not clickable at point (597, 511). Other element would receive the click: &lt;li role="option" class="vs__dropdown-option vs__dropdown-option--selected"&gt;...&lt;/li&gt;
  (Session info: chrome=76.0.3809.100)
Build info: version: '3.141.59', revision: 'e82be7d358', time: '2018-11-14T08:25:53'
System info: host: 'refqihussein', ip: 'fe80:0:0:0:c3d:463b:a7bd:7957%en0', os.name: 'Mac OS X', os.arch: 'x86_64', os.version: '10.14.6', java.version: '1.8.0_181'
Driver info: com.kms.katalon.selenium.driver.CChromeDriver
Capabilities {acceptInsecureCerts: false, browserName: chrome, browserVersion: 76.0.3809.100, chrome: {chromedriverVersion: 76.0.3809.68 (420c9498db8ce..., userDataDir: /var/folders/48/kr7c_wm56yv...}, goog:chromeOptions: {debuggerAddress: localhost:50803}, javascriptEnabled: true, networkConnectionEnabled: false, pageLoadStrategy: normal, platform: MAC, platformName: MAC, proxy: Proxy(), setWindowRect: true, strictFileInteractability: false, timeouts: {implicit: 0, pageLoad: 300000, script: 30000}, unhandledPromptBehavior: dismiss and notify}
Session ID: fb681b9954c96045a9fe527a117fd9df
	at org.openqa.selenium.remote.http.W3CHttpResponseCodec.createException(W3CHttpResponseCodec.java:187)
	at org.openqa.selenium.remote.http.W3CHttpResponseCodec.decode(W3CHttpResponseCodec.java:122)
	at org.openqa.selenium.remote.http.W3CHttpResponseCodec.decode(W3CHttpResponseCodec.java:49)
	at org.openqa.selenium.remote.HttpCommandExecutor.execute(HttpCommandExecutor.java:158)
	at org.openqa.selenium.remote.service.DriverCommandExecutor.execute(DriverCommandExecutor.java:83)
	at org.openqa.selenium.remote.RemoteWebDriver.execute(RemoteWebDriver.java:552)
	at com.kms.katalon.selenium.driver.CChromeDriver.execute(CChromeDriver.java:20)
	at org.openqa.selenium.remote.RemoteWebElement.execute(RemoteWebElement.java:285)
	at org.openqa.selenium.remote.RemoteWebElement.click(RemoteWebElement.java:84)
	at com.kms.katalon.core.webui.keyword.builtin.ClickKeyword$_click_closure1.doCall(ClickKeyword.groovy:79)
	at com.kms.katalon.core.webui.keyword.builtin.ClickKeyword$_click_closure1.call(ClickKeyword.groovy)
	at com.kms.katalon.core.webui.keyword.internal.WebUIKeywordMain.runKeyword(WebUIKeywordMain.groovy:20)
	... 19 more


2019-09-03 09:46:04 - [TEST_STEP][PASSED] - callTestCase(findTestCase("IP-001 (Login hit berkali kali)"), ["Email":"aaa@gmail.com", "Password":"123445656"], STOP_ON_FAILURE): Call Test Case 'Test Cases/IP-001 (Login hit berkali kali)' successfully

2019-09-03 09:46:04 - [TEST_CASE][PASSED] - Test Cases/IP-001 (Login hit berkali kali): Test Cases/IP-001 (Login hit berkali kali)

2019-09-03 09:46:05 - [TEST_STEP][PASSED] - openBrowser("http://kamisa.web.iprop-dev.com/login"): Browser is opened with url: 'http://kamisa.web.iprop-dev.com/login'

2019-09-03 09:46:05 - [MESSAGE][INFO] - Starting 'Chrome' driver

2019-09-03 09:46:05 - [MESSAGE][INFO] - Action delay is set to 0 seconds

2019-09-03 09:46:08 - [MESSAGE][PASSED] - Browser is opened with url: 'http://kamisa.web.iprop-dev.com/login'

2019-09-03 09:46:08 - [TEST_STEP][PASSED] - delay(3): Delayed 3 second(s)

2019-09-03 09:46:11 - [MESSAGE][PASSED] - Delayed 3 second(s)

2019-09-03 09:46:11 - [TEST_STEP][PASSED] - setText(findTestObject("Page_iPropio - Login/input_Email_email"), "didinonpqcms@gmail.com"): Text 'didinonpqcms@gmail.com' is set on object 'Object Repository/Page_iPropio - Login/input_Email_email'

2019-09-03 09:46:12 - [MESSAGE][PASSED] - Text 'didinonpqcms@gmail.com' is set on object 'Object Repository/Page_iPropio - Login/input_Email_email'

2019-09-03 09:46:12 - [TEST_STEP][PASSED] - delay(5): Delayed 5 second(s)

2019-09-03 09:46:17 - [MESSAGE][PASSED] - Delayed 5 second(s)

2019-09-03 09:46:17 - [TEST_STEP][PASSED] - takeScreenshot("/Users/refqi/Documents/webippro/4.png"): Taking screenshot successfully

2019-09-03 09:46:18 - [MESSAGE][PASSED] - Taking screenshot successfully
[[ATTACHMENT|/Users/refqi/Documents/webippro/4.png]]

2019-09-03 09:46:18 - [TEST_STEP][PASSED] - setText(findTestObject("Page_iPropio - Login/input_Password_password"), "testing12345"): Text 'testing12345' is set on object 'Object Repository/Page_iPropio - Login/input_Password_password'

2019-09-03 09:46:19 - [MESSAGE][PASSED] - Text 'testing12345' is set on object 'Object Repository/Page_iPropio - Login/input_Password_password'

2019-09-03 09:46:19 - [TEST_STEP][PASSED] - delay(3): Delayed 3 second(s)

2019-09-03 09:46:22 - [MESSAGE][PASSED] - Delayed 3 second(s)

2019-09-03 09:46:22 - [TEST_STEP][PASSED] - takeScreenshot("/Users/refqi/Documents/webippro/5.png"): Taking screenshot successfully

2019-09-03 09:46:22 - [MESSAGE][PASSED] - Taking screenshot successfully
[[ATTACHMENT|/Users/refqi/Documents/webippro/5.png]]

2019-09-03 09:46:22 - [TEST_STEP][PASSED] - click(findTestObject("Page_iPropio - Login/button_Login Now")): Object: 'Object Repository/Page_iPropio - Login/button_Login Now' is clicked on

2019-09-03 09:46:22 - [MESSAGE][PASSED] - Object: 'Object Repository/Page_iPropio - Login/button_Login Now' is clicked on

2019-09-03 09:46:22 - [MESSAGE][PASSED] - Call Test Case 'Test Cases/IP-001 (Login hit berkali kali)' successfully

2019-09-03 09:46:22 - [TEST_STEP][PASSED] - click(findTestObject("Object Repository/Report Property List/div_Reports")): Object: 'Object Repository/Report Property List/div_Reports' is clicked on

2019-09-03 09:46:33 - [MESSAGE][PASSED] - Object: 'Object Repository/Report Property List/div_Reports' is clicked on

2019-09-03 09:46:33 - [TEST_STEP][PASSED] - click(findTestObject("Object Repository/Report Property List/a_Property List")): Object: 'Object Repository/Report Property List/a_Property List' is clicked on

2019-09-03 09:46:34 - [MESSAGE][PASSED] - Object: 'Object Repository/Report Property List/a_Property List' is clicked on

2019-09-03 09:46:34 - [TEST_STEP][PASSED] - setText(findTestObject("Report Property List/input_House Number___BVID__171"), "2"): Text '2' is set on object 'Object Repository/Report Property List/input_House Number___BVID__171'

2019-09-03 09:46:35 - [MESSAGE][PASSED] - Text '2' is set on object 'Object Repository/Report Property List/input_House Number___BVID__171'

2019-09-03 09:46:35 - [TEST_STEP][PASSED] - clearText(findTestObject("Report Property List/input_House Number___BVID__171"), STOP_ON_FAILURE): Text of object 'Object Repository/Report Property List/input_House Number___BVID__171' is cleared

2019-09-03 09:46:35 - [MESSAGE][PASSED] - Text of object 'Object Repository/Report Property List/input_House Number___BVID__171' is cleared

2019-09-03 09:46:35 - [TEST_STEP][PASSED] - delay(1): Delayed 1 second(s)

2019-09-03 09:46:36 - [MESSAGE][PASSED] - Delayed 1 second(s)

2019-09-03 09:46:36 - [TEST_STEP][PASSED] - takeScreenshot(): Taking screenshot successfully

2019-09-03 09:46:36 - [MESSAGE][PASSED] - Taking screenshot successfully
[[ATTACHMENT|/Users/refqi/Katalon Studio/ipropio otomasi/Reports/20190903_094601/IP-034 ( Property List )/20190903_094601/1567478796506.png]]

2019-09-03 09:46:36 - [TEST_STEP][PASSED] - click(findTestObject("Report Property List/input_Street Name_vs__search")): Object: 'Object Repository/Report Property List/input_Street Name_vs__search' is clicked on

2019-09-03 09:46:36 - [MESSAGE][PASSED] - Object: 'Object Repository/Report Property List/input_Street Name_vs__search' is clicked on

2019-09-03 09:46:36 - [TEST_STEP][PASSED] - click(findTestObject("Report Property List/li_Jl Mentari Bersinar"), STOP_ON_FAILURE): Object: 'Object Repository/Report Property List/li_Jl Mentari Bersinar' is clicked on

2019-09-03 09:46:37 - [MESSAGE][PASSED] - Object: 'Object Repository/Report Property List/li_Jl Mentari Bersinar' is clicked on

2019-09-03 09:46:37 - [TEST_STEP][PASSED] - takeScreenshot(): Taking screenshot successfully

2019-09-03 09:46:37 - [MESSAGE][PASSED] - Taking screenshot successfully
[[ATTACHMENT|/Users/refqi/Katalon Studio/ipropio otomasi/Reports/20190903_094601/IP-034 ( Property List )/20190903_094601/1567478797215.png]]

2019-09-03 09:46:37 - [TEST_STEP][PASSED] - clearText(findTestObject("Report Property List/input_Street Name_vs__search")): Text of object 'Object Repository/Report Property List/input_Street Name_vs__search' is cleared

2019-09-03 09:46:37 - [MESSAGE][PASSED] - Text of object 'Object Repository/Report Property List/input_Street Name_vs__search' is cleared

2019-09-03 09:46:37 - [TEST_STEP][PASSED] - delay(1): Delayed 1 second(s)

2019-09-03 09:46:38 - [MESSAGE][PASSED] - Delayed 1 second(s)

2019-09-03 09:46:38 - [TEST_STEP][PASSED] - click(findTestObject("Report Property List/input_Property Type_vs__search")): Object: 'Object Repository/Report Property List/input_Property Type_vs__search' is clicked on

2019-09-03 09:46:38 - [MESSAGE][PASSED] - Object: 'Object Repository/Report Property List/input_Property Type_vs__search' is clicked on

2019-09-03 09:46:38 - [TEST_STEP][PASSED] - click(findTestObject("Report Property List/li_Condominiums")): Object: 'Object Repository/Report Property List/li_Condominiums' is clicked on

2019-09-03 09:46:38 - [MESSAGE][PASSED] - Object: 'Object Repository/Report Property List/li_Condominiums' is clicked on

2019-09-03 09:46:38 - [TEST_STEP][PASSED] - takeScreenshot(): Taking screenshot successfully

2019-09-03 09:46:39 - [MESSAGE][PASSED] - Taking screenshot successfully
[[ATTACHMENT|/Users/refqi/Katalon Studio/ipropio otomasi/Reports/20190903_094601/IP-034 ( Property List )/20190903_094601/1567478798974.png]]

2019-09-03 09:46:39 - [TEST_STEP][PASSED] - clearText(findTestObject("Report Property List/input_Property Type_vs__search")): Text of object 'Object Repository/Report Property List/input_Property Type_vs__search' is cleared

2019-09-03 09:46:39 - [MESSAGE][PASSED] - Text of object 'Object Repository/Report Property List/input_Property Type_vs__search' is cleared

2019-09-03 09:46:39 - [TEST_STEP][PASSED] - delay(1): Delayed 1 second(s)

2019-09-03 09:46:40 - [MESSAGE][PASSED] - Delayed 1 second(s)

2019-09-03 09:46:40 - [TEST_STEP][PASSED] - click(findTestObject("Report Property List/input_Property Status_vs__search")): Object: 'Object Repository/Report Property List/input_Property Status_vs__search' is clicked on

2019-09-03 09:46:40 - [MESSAGE][PASSED] - Object: 'Object Repository/Report Property List/input_Property Status_vs__search' is clicked on

2019-09-03 09:46:40 - [TEST_STEP][PASSED] - click(findTestObject("Report Property List/li_Resident")): Object: 'Object Repository/Report Property List/li_Resident' is clicked on

2019-09-03 09:46:40 - [MESSAGE][PASSED] - Object: 'Object Repository/Report Property List/li_Resident' is clicked on

2019-09-03 09:46:40 - [TEST_STEP][PASSED] - takeScreenshot(): Taking screenshot successfully

2019-09-03 09:46:41 - [MESSAGE][PASSED] - Taking screenshot successfully
[[ATTACHMENT|/Users/refqi/Katalon Studio/ipropio otomasi/Reports/20190903_094601/IP-034 ( Property List )/20190903_094601/1567478800743.png]]

2019-09-03 09:46:41 - [TEST_STEP][PASSED] - delay(1): Delayed 1 second(s)

2019-09-03 09:46:42 - [MESSAGE][PASSED] - Delayed 1 second(s)

2019-09-03 09:46:42 - [TEST_STEP][PASSED] - click(findTestObject("Report Property List/input_Property Status_vs__search")): Object: 'Object Repository/Report Property List/input_Property Status_vs__search' is clicked on

2019-09-03 09:46:42 - [MESSAGE][PASSED] - Object: 'Object Repository/Report Property List/input_Property Status_vs__search' is clicked on

2019-09-03 09:46:42 - [TEST_STEP][PASSED] - click(findTestObject("Object Repository/Report Property List/li_No Resident")): Object: 'Object Repository/Report Property List/li_No Resident' is clicked on

2019-09-03 09:46:42 - [MESSAGE][PASSED] - Object: 'Object Repository/Report Property List/li_No Resident' is clicked on

2019-09-03 09:46:42 - [TEST_STEP][PASSED] - takeScreenshot(): Taking screenshot successfully

2019-09-03 09:46:42 - [MESSAGE][PASSED] - Taking screenshot successfully
[[ATTACHMENT|/Users/refqi/Katalon Studio/ipropio otomasi/Reports/20190903_094601/IP-034 ( Property List )/20190903_094601/1567478802345.png]]

2019-09-03 09:46:42 - [TEST_STEP][PASSED] - delay(1): Delayed 1 second(s)

2019-09-03 09:46:43 - [MESSAGE][PASSED] - Delayed 1 second(s)

2019-09-03 09:46:43 - [TEST_STEP][PASSED] - click(findTestObject("Object Repository/Report Property List/a_Edit")): Object: 'Object Repository/Report Property List/a_Edit' is clicked on

2019-09-03 09:46:43 - [MESSAGE][PASSED] - Object: 'Object Repository/Report Property List/a_Edit' is clicked on

2019-09-03 09:46:43 - [TEST_STEP][PASSED] - click(findTestObject("Report Property List/input_Property Type_vs__search")): Object: 'Object Repository/Report Property List/input_Property Type_vs__search' is clicked on

2019-09-03 09:46:44 - [MESSAGE][PASSED] - Object: 'Object Repository/Report Property List/input_Property Type_vs__search' is clicked on

2019-09-03 09:46:44 - [TEST_STEP][PASSED] - click(findTestObject("Object Repository/Report Property List/li_Bungalow")): Object: 'Object Repository/Report Property List/li_Bungalow' is clicked on

2019-09-03 09:47:09 - [MESSAGE][PASSED] - Object: 'Object Repository/Report Property List/li_Bungalow' is clicked on

2019-09-03 09:47:09 - [TEST_STEP][FAILED] - click(findTestObject("Object Repository/Report Property List/button_Update Property Details")): Unable to click on object 'Object Repository/Report Property List/button_Update Property Details' (Root cause: com.kms.katalon.core.exception.StepFailedException: Unable to click on object 'Object Repository/Report Property List/button_Update Property Details'
	at com.kms.katalon.core.webui.keyword.internal.WebUIKeywordMain.stepFailed(WebUIKeywordMain.groovy:64)
	at com.kms.katalon.core.webui.keyword.internal.WebUIKeywordMain.runKeyword(WebUIKeywordMain.groovy:26)
	at com.kms.katalon.core.webui.keyword.builtin.ClickKeyword.click(ClickKeyword.groovy:86)
	at com.kms.katalon.core.webui.keyword.builtin.ClickKeyword.execute(ClickKeyword.groovy:67)
	at com.kms.katalon.core.keyword.internal.KeywordExecutor.executeKeywordForPlatform(KeywordExecutor.groovy:56)
	at com.kms.katalon.core.webui.keyword.WebUiBuiltInKeywords.click(WebUiBuiltInKeywords.groovy:616)
	at com.kms.katalon.core.webui.keyword.WebUiBuiltInKeywords$click$2.call(Unknown Source)
	at IP0-34 ( Property List ).run(IP0-34 ( Property List ):74)
	at com.kms.katalon.core.main.ScriptEngine.run(ScriptEngine.java:194)
	at com.kms.katalon.core.main.ScriptEngine.runScriptAsRawText(ScriptEngine.java:119)
	at com.kms.katalon.core.main.TestCaseExecutor.runScript(TestCaseExecutor.java:337)
	at com.kms.katalon.core.main.TestCaseExecutor.doExecute(TestCaseExecutor.java:328)
	at com.kms.katalon.core.main.TestCaseExecutor.processExecutionPhase(TestCaseExecutor.java:307)
	at com.kms.katalon.core.main.TestCaseExecutor.accessMainPhase(TestCaseExecutor.java:299)
	at com.kms.katalon.core.main.TestCaseExecutor.execute(TestCaseExecutor.java:233)
	at com.kms.katalon.core.main.TestSuiteExecutor.accessTestCaseMainPhase(TestSuiteExecutor.java:169)
	at com.kms.katalon.core.main.TestSuiteExecutor.accessTestSuiteMainPhase(TestSuiteExecutor.java:142)
	at com.kms.katalon.core.main.TestSuiteExecutor.execute(TestSuiteExecutor.java:91)
	at com.kms.katalon.core.main.TestCaseMain.startTestSuite(TestCaseMain.java:157)
	at com.kms.katalon.core.main.TestCaseMain$startTestSuite$0.call(Unknown Source)
	at TempTestSuite1567478761097.run(TempTestSuite1567478761097.groovy:35)
Caused by: org.openqa.selenium.ElementClickInterceptedException: element click intercepted: Element &lt;button data-v-340ebf3a="" type="submit" class="btn btn-primary"&gt;...&lt;/button&gt; is not clickable at point (597, 511). Other element would receive the click: &lt;li role="option" class="vs__dropdown-option vs__dropdown-option--selected"&gt;...&lt;/li&gt;
  (Session info: chrome=76.0.3809.100)
Build info: version: '3.141.59', revision: 'e82be7d358', time: '2018-11-14T08:25:53'
System info: host: 'refqihussein', ip: 'fe80:0:0:0:c3d:463b:a7bd:7957%en0', os.name: 'Mac OS X', os.arch: 'x86_64', os.version: '10.14.6', java.version: '1.8.0_181'
Driver info: com.kms.katalon.selenium.driver.CChromeDriver
Capabilities {acceptInsecureCerts: false, browserName: chrome, browserVersion: 76.0.3809.100, chrome: {chromedriverVersion: 76.0.3809.68 (420c9498db8ce..., userDataDir: /var/folders/48/kr7c_wm56yv...}, goog:chromeOptions: {debuggerAddress: localhost:50803}, javascriptEnabled: true, networkConnectionEnabled: false, pageLoadStrategy: normal, platform: MAC, platformName: MAC, proxy: Proxy(), setWindowRect: true, strictFileInteractability: false, timeouts: {implicit: 0, pageLoad: 300000, script: 30000}, unhandledPromptBehavior: dismiss and notify}
Session ID: fb681b9954c96045a9fe527a117fd9df
	at org.openqa.selenium.remote.http.W3CHttpResponseCodec.createException(W3CHttpResponseCodec.java:187)
	at org.openqa.selenium.remote.http.W3CHttpResponseCodec.decode(W3CHttpResponseCodec.java:122)
	at org.openqa.selenium.remote.http.W3CHttpResponseCodec.decode(W3CHttpResponseCodec.java:49)
	at org.openqa.selenium.remote.HttpCommandExecutor.execute(HttpCommandExecutor.java:158)
	at org.openqa.selenium.remote.service.DriverCommandExecutor.execute(DriverCommandExecutor.java:83)
	at org.openqa.selenium.remote.RemoteWebDriver.execute(RemoteWebDriver.java:552)
	at com.kms.katalon.selenium.driver.CChromeDriver.execute(CChromeDriver.java:20)
	at org.openqa.selenium.remote.RemoteWebElement.execute(RemoteWebElement.java:285)
	at org.openqa.selenium.remote.RemoteWebElement.click(RemoteWebElement.java:84)
	at com.kms.katalon.core.webui.keyword.builtin.ClickKeyword$_click_closure1.doCall(ClickKeyword.groovy:79)
	at com.kms.katalon.core.webui.keyword.builtin.ClickKeyword$_click_closure1.call(ClickKeyword.groovy)
	at com.kms.katalon.core.webui.keyword.internal.WebUIKeywordMain.runKeyword(WebUIKeywordMain.groovy:20)
	at com.kms.katalon.core.webui.keyword.builtin.ClickKeyword.click(ClickKeyword.groovy:86)
	at com.kms.katalon.core.webui.keyword.builtin.ClickKeyword.execute(ClickKeyword.groovy:67)
	at com.kms.katalon.core.keyword.internal.KeywordExecutor.executeKeywordForPlatform(KeywordExecutor.groovy:56)
	at com.kms.katalon.core.webui.keyword.WebUiBuiltInKeywords.click(WebUiBuiltInKeywords.groovy:616)
	at com.kms.katalon.core.webui.keyword.WebUiBuiltInKeywords$click$2.call(Unknown Source)
	at Script1567476108323.run(Script1567476108323.groovy:74)
	... 13 more
)

2019-09-03 09:47:09 - [MESSAGE][FAILED] - Unable to click on object 'Object Repository/Report Property List/button_Update Property Details' (Root cause: com.kms.katalon.core.exception.StepFailedException: Unable to click on object 'Object Repository/Report Property List/button_Update Property Details'
	at com.kms.katalon.core.webui.keyword.internal.WebUIKeywordMain.stepFailed(WebUIKeywordMain.groovy:64)
	at com.kms.katalon.core.webui.keyword.internal.WebUIKeywordMain.runKeyword(WebUIKeywordMain.groovy:26)
	at com.kms.katalon.core.webui.keyword.builtin.ClickKeyword.click(ClickKeyword.groovy:86)
	at com.kms.katalon.core.webui.keyword.builtin.ClickKeyword.execute(ClickKeyword.groovy:67)
	at com.kms.katalon.core.keyword.internal.KeywordExecutor.executeKeywordForPlatform(KeywordExecutor.groovy:56)
	at com.kms.katalon.core.webui.keyword.WebUiBuiltInKeywords.click(WebUiBuiltInKeywords.groovy:616)
	at com.kms.katalon.core.webui.keyword.WebUiBuiltInKeywords$click$2.call(Unknown Source)
	at IP0-34 ( Property List ).run(IP0-34 ( Property List ):74)
	at com.kms.katalon.core.main.ScriptEngine.run(ScriptEngine.java:194)
	at com.kms.katalon.core.main.ScriptEngine.runScriptAsRawText(ScriptEngine.java:119)
	at com.kms.katalon.core.main.TestCaseExecutor.runScript(TestCaseExecutor.java:337)
	at com.kms.katalon.core.main.TestCaseExecutor.doExecute(TestCaseExecutor.java:328)
	at com.kms.katalon.core.main.TestCaseExecutor.processExecutionPhase(TestCaseExecutor.java:307)
	at com.kms.katalon.core.main.TestCaseExecutor.accessMainPhase(TestCaseExecutor.java:299)
	at com.kms.katalon.core.main.TestCaseExecutor.execute(TestCaseExecutor.java:233)
	at com.kms.katalon.core.main.TestSuiteExecutor.accessTestCaseMainPhase(TestSuiteExecutor.java:169)
	at com.kms.katalon.core.main.TestSuiteExecutor.accessTestSuiteMainPhase(TestSuiteExecutor.java:142)
	at com.kms.katalon.core.main.TestSuiteExecutor.execute(TestSuiteExecutor.java:91)
	at com.kms.katalon.core.main.TestCaseMain.startTestSuite(TestCaseMain.java:157)
	at com.kms.katalon.core.main.TestCaseMain$startTestSuite$0.call(Unknown Source)
	at TempTestSuite1567478761097.run(TempTestSuite1567478761097.groovy:35)
Caused by: org.openqa.selenium.ElementClickInterceptedException: element click intercepted: Element &lt;button data-v-340ebf3a="" type="submit" class="btn btn-primary"&gt;...&lt;/button&gt; is not clickable at point (597, 511). Other element would receive the click: &lt;li role="option" class="vs__dropdown-option vs__dropdown-option--selected"&gt;...&lt;/li&gt;
  (Session info: chrome=76.0.3809.100)
Build info: version: '3.141.59', revision: 'e82be7d358', time: '2018-11-14T08:25:53'
System info: host: 'refqihussein', ip: 'fe80:0:0:0:c3d:463b:a7bd:7957%en0', os.name: 'Mac OS X', os.arch: 'x86_64', os.version: '10.14.6', java.version: '1.8.0_181'
Driver info: com.kms.katalon.selenium.driver.CChromeDriver
Capabilities {acceptInsecureCerts: false, browserName: chrome, browserVersion: 76.0.3809.100, chrome: {chromedriverVersion: 76.0.3809.68 (420c9498db8ce..., userDataDir: /var/folders/48/kr7c_wm56yv...}, goog:chromeOptions: {debuggerAddress: localhost:50803}, javascriptEnabled: true, networkConnectionEnabled: false, pageLoadStrategy: normal, platform: MAC, platformName: MAC, proxy: Proxy(), setWindowRect: true, strictFileInteractability: false, timeouts: {implicit: 0, pageLoad: 300000, script: 30000}, unhandledPromptBehavior: dismiss and notify}
Session ID: fb681b9954c96045a9fe527a117fd9df
	at org.openqa.selenium.remote.http.W3CHttpResponseCodec.createException(W3CHttpResponseCodec.java:187)
	at org.openqa.selenium.remote.http.W3CHttpResponseCodec.decode(W3CHttpResponseCodec.java:122)
	at org.openqa.selenium.remote.http.W3CHttpResponseCodec.decode(W3CHttpResponseCodec.java:49)
	at org.openqa.selenium.remote.HttpCommandExecutor.execute(HttpCommandExecutor.java:158)
	at org.openqa.selenium.remote.service.DriverCommandExecutor.execute(DriverCommandExecutor.java:83)
	at org.openqa.selenium.remote.RemoteWebDriver.execute(RemoteWebDriver.java:552)
	at com.kms.katalon.selenium.driver.CChromeDriver.execute(CChromeDriver.java:20)
	at org.openqa.selenium.remote.RemoteWebElement.execute(RemoteWebElement.java:285)
	at org.openqa.selenium.remote.RemoteWebElement.click(RemoteWebElement.java:84)
	at com.kms.katalon.core.webui.keyword.builtin.ClickKeyword$_click_closure1.doCall(ClickKeyword.groovy:79)
	at com.kms.katalon.core.webui.keyword.builtin.ClickKeyword$_click_closure1.call(ClickKeyword.groovy)
	at com.kms.katalon.core.webui.keyword.internal.WebUIKeywordMain.runKeyword(WebUIKeywordMain.groovy:20)
	at com.kms.katalon.core.webui.keyword.builtin.ClickKeyword.click(ClickKeyword.groovy:86)
	at com.kms.katalon.core.webui.keyword.builtin.ClickKeyword.execute(ClickKeyword.groovy:67)
	at com.kms.katalon.core.keyword.internal.KeywordExecutor.executeKeywordForPlatform(KeywordExecutor.groovy:56)
	at com.kms.katalon.core.webui.keyword.WebUiBuiltInKeywords.click(WebUiBuiltInKeywords.groovy:616)
	at com.kms.katalon.core.webui.keyword.WebUiBuiltInKeywords$click$2.call(Unknown Source)
	at Script1567476108323.run(Script1567476108323.groovy:74)
	... 13 more
)
[[ATTACHMENT|/Users/refqi/Katalon Studio/ipropio otomasi/Reports/20190903_094601/IP-034 ( Property List )/20190903_094601/1567478829647.png]]</system-out>
            <system-err>2019-09-03 09:46:04 - [TEST_CASE][FAILED] - Test Cases/IP0-34 ( Property List ): Test Cases/IP0-34 ( Property List ) FAILED.
Reason:
com.kms.katalon.core.exception.StepFailedException: Unable to click on object 'Object Repository/Report Property List/button_Update Property Details'
	at com.kms.katalon.core.webui.keyword.internal.WebUIKeywordMain.stepFailed(WebUIKeywordMain.groovy:64)
	at com.kms.katalon.core.webui.keyword.internal.WebUIKeywordMain.runKeyword(WebUIKeywordMain.groovy:26)
	at com.kms.katalon.core.webui.keyword.builtin.ClickKeyword.click(ClickKeyword.groovy:86)
	at com.kms.katalon.core.webui.keyword.builtin.ClickKeyword.execute(ClickKeyword.groovy:67)
	at com.kms.katalon.core.keyword.internal.KeywordExecutor.executeKeywordForPlatform(KeywordExecutor.groovy:56)
	at com.kms.katalon.core.webui.keyword.WebUiBuiltInKeywords.click(WebUiBuiltInKeywords.groovy:616)
	at com.kms.katalon.core.webui.keyword.WebUiBuiltInKeywords$click$2.call(Unknown Source)
	at IP0-34 ( Property List ).run(IP0-34 ( Property List ):74)
	at com.kms.katalon.core.main.ScriptEngine.run(ScriptEngine.java:194)
	at com.kms.katalon.core.main.ScriptEngine.runScriptAsRawText(ScriptEngine.java:119)
	at com.kms.katalon.core.main.TestCaseExecutor.runScript(TestCaseExecutor.java:337)
	at com.kms.katalon.core.main.TestCaseExecutor.doExecute(TestCaseExecutor.java:328)
	at com.kms.katalon.core.main.TestCaseExecutor.processExecutionPhase(TestCaseExecutor.java:307)
	at com.kms.katalon.core.main.TestCaseExecutor.accessMainPhase(TestCaseExecutor.java:299)
	at com.kms.katalon.core.main.TestCaseExecutor.execute(TestCaseExecutor.java:233)
	at com.kms.katalon.core.main.TestSuiteExecutor.accessTestCaseMainPhase(TestSuiteExecutor.java:169)
	at com.kms.katalon.core.main.TestSuiteExecutor.accessTestSuiteMainPhase(TestSuiteExecutor.java:142)
	at com.kms.katalon.core.main.TestSuiteExecutor.execute(TestSuiteExecutor.java:91)
	at com.kms.katalon.core.main.TestCaseMain.startTestSuite(TestCaseMain.java:157)
	at com.kms.katalon.core.main.TestCaseMain$startTestSuite$0.call(Unknown Source)
	at TempTestSuite1567478761097.run(TempTestSuite1567478761097.groovy:35)
Caused by: org.openqa.selenium.ElementClickInterceptedException: element click intercepted: Element &lt;button data-v-340ebf3a="" type="submit" class="btn btn-primary"&gt;...&lt;/button&gt; is not clickable at point (597, 511). Other element would receive the click: &lt;li role="option" class="vs__dropdown-option vs__dropdown-option--selected"&gt;...&lt;/li&gt;
  (Session info: chrome=76.0.3809.100)
Build info: version: '3.141.59', revision: 'e82be7d358', time: '2018-11-14T08:25:53'
System info: host: 'refqihussein', ip: 'fe80:0:0:0:c3d:463b:a7bd:7957%en0', os.name: 'Mac OS X', os.arch: 'x86_64', os.version: '10.14.6', java.version: '1.8.0_181'
Driver info: com.kms.katalon.selenium.driver.CChromeDriver
Capabilities {acceptInsecureCerts: false, browserName: chrome, browserVersion: 76.0.3809.100, chrome: {chromedriverVersion: 76.0.3809.68 (420c9498db8ce..., userDataDir: /var/folders/48/kr7c_wm56yv...}, goog:chromeOptions: {debuggerAddress: localhost:50803}, javascriptEnabled: true, networkConnectionEnabled: false, pageLoadStrategy: normal, platform: MAC, platformName: MAC, proxy: Proxy(), setWindowRect: true, strictFileInteractability: false, timeouts: {implicit: 0, pageLoad: 300000, script: 30000}, unhandledPromptBehavior: dismiss and notify}
Session ID: fb681b9954c96045a9fe527a117fd9df
	at org.openqa.selenium.remote.http.W3CHttpResponseCodec.createException(W3CHttpResponseCodec.java:187)
	at org.openqa.selenium.remote.http.W3CHttpResponseCodec.decode(W3CHttpResponseCodec.java:122)
	at org.openqa.selenium.remote.http.W3CHttpResponseCodec.decode(W3CHttpResponseCodec.java:49)
	at org.openqa.selenium.remote.HttpCommandExecutor.execute(HttpCommandExecutor.java:158)
	at org.openqa.selenium.remote.service.DriverCommandExecutor.execute(DriverCommandExecutor.java:83)
	at org.openqa.selenium.remote.RemoteWebDriver.execute(RemoteWebDriver.java:552)
	at com.kms.katalon.selenium.driver.CChromeDriver.execute(CChromeDriver.java:20)
	at org.openqa.selenium.remote.RemoteWebElement.execute(RemoteWebElement.java:285)
	at org.openqa.selenium.remote.RemoteWebElement.click(RemoteWebElement.java:84)
	at com.kms.katalon.core.webui.keyword.builtin.ClickKeyword$_click_closure1.doCall(ClickKeyword.groovy:79)
	at com.kms.katalon.core.webui.keyword.builtin.ClickKeyword$_click_closure1.call(ClickKeyword.groovy)
	at com.kms.katalon.core.webui.keyword.internal.WebUIKeywordMain.runKeyword(WebUIKeywordMain.groovy:20)
	... 19 more</system-err>
        </testcase>
        <system-out>2019-09-03 09:46:04 - [TEST_SUITE][INCOMPLETE] - IP-034 ( Property List ): null</system-out>
        <system-err>2019-09-03 09:46:04 - [TEST_SUITE][INCOMPLETE] - IP-034 ( Property List ): null</system-err>
    </testsuite>
</testsuites>
