<?xml version="1.0" encoding="UTF-8" standalone="yes"?>
<testsuites name="IP-034 ( Property List )" time="60" tests="0" failures="1" errors="0">
    <testsuite name="IP-034 ( Property List )" tests="0" failures="1" errors="0" time="60" timestamp="2019-09-03 09:43:40" hostname="refqi - 10.250.250.58" id="Test Suites/IP-034 ( Property List )">
        <properties>
            <property name="deviceName" value=""/>
            <property name="devicePlatform" value=""/>
            <property name="logFolder" value="/Users/refqi/Katalon Studio/ipropio otomasi/Reports/20190903_094338/IP-034 ( Property List )/20190903_094338"/>
            <property name="logFiles" value="/Users/refqi/Katalon Studio/ipropio otomasi/Reports/20190903_094338/IP-034 ( Property List )/20190903_094338/execution0.log"/>
            <property name="attachments" value="/Users/refqi/Documents/webippro/4.png, /Users/refqi/Documents/webippro/5.png, /Users/refqi/Katalon Studio/ipropio otomasi/Reports/20190903_094338/IP-034 ( Property List )/20190903_094338/1567478643009.png, /Users/refqi/Katalon Studio/ipropio otomasi/Reports/20190903_094338/IP-034 ( Property List )/20190903_094338/1567478643675.png, /Users/refqi/Katalon Studio/ipropio otomasi/Reports/20190903_094338/IP-034 ( Property List )/20190903_094338/1567478645450.png, /Users/refqi/Katalon Studio/ipropio otomasi/Reports/20190903_094338/IP-034 ( Property List )/20190903_094338/1567478647237.png, /Users/refqi/Katalon Studio/ipropio otomasi/Reports/20190903_094338/IP-034 ( Property List )/20190903_094338/1567478648886.png, /Users/refqi/Katalon Studio/ipropio otomasi/Reports/20190903_094338/IP-034 ( Property List )/20190903_094338/1567478681324.png"/>
            <property name="hostName" value="refqi - 10.250.250.58"/>
            <property name="os" value="Mac OS X 64bit"/>
            <property name="katalonVersion" value="6.3.3.11"/>
            <property name="browser" value="Chrome 76.0.3809.100"/>
            <property name="hostAddress" value="10.250.250.58"/>
            <property name="sessionId" value="7ecc04625c54bdf494d181290a4bc546"/>
            <property name="seleniumVersion" value="3.141.59"/>
            <property name="proxyInformation" value="ProxyInformation{proxyOption=NO_PROXY, proxyServerType=HTTP, password=, proxyServerAddress=, proxyServerPort=0}"/>
            <property name="platform" value="Mac OS X"/>
        </properties>
        <testcase name="Test Cases/IP0-34 ( Property List )" classname="Test Cases/IP0-34 ( Property List )" status="FAILED">
            <failure type="FAILED" message="Test Cases/IP0-34 ( Property List ) FAILED.&#xA;Reason:&#xA;com.kms.katalon.core.exception.StepFailedException: Unable to click on object 'Object Repository/Report Property List/li_Bungalow'&#xA;&#x9;at com.kms.katalon.core.webui.keyword.internal.WebUIKeywordMain.stepFailed(WebUIKeywordMain.groovy:64)&#xA;&#x9;at com.kms.katalon.core.webui.keyword.internal.WebUIKeywordMain.runKeyword(WebUIKeywordMain.groovy:26)&#xA;&#x9;at com.kms.katalon.core.webui.keyword.builtin.ClickKeyword.click(ClickKeyword.groovy:86)&#xA;&#x9;at com.kms.katalon.core.webui.keyword.builtin.ClickKeyword.execute(ClickKeyword.groovy:67)&#xA;&#x9;at com.kms.katalon.core.keyword.internal.KeywordExecutor.executeKeywordForPlatform(KeywordExecutor.groovy:56)&#xA;&#x9;at com.kms.katalon.core.webui.keyword.WebUiBuiltInKeywords.click(WebUiBuiltInKeywords.groovy:616)&#xA;&#x9;at com.kms.katalon.core.webui.keyword.WebUiBuiltInKeywords$click$2.call(Unknown Source)&#xA;&#x9;at IP0-34 ( Property List ).run(IP0-34 ( Property List ):70)&#xA;&#x9;at com.kms.katalon.core.main.ScriptEngine.run(ScriptEngine.java:194)&#xA;&#x9;at com.kms.katalon.core.main.ScriptEngine.runScriptAsRawText(ScriptEngine.java:119)&#xA;&#x9;at com.kms.katalon.core.main.TestCaseExecutor.runScript(TestCaseExecutor.java:337)&#xA;&#x9;at com.kms.katalon.core.main.TestCaseExecutor.doExecute(TestCaseExecutor.java:328)&#xA;&#x9;at com.kms.katalon.core.main.TestCaseExecutor.processExecutionPhase(TestCaseExecutor.java:307)&#xA;&#x9;at com.kms.katalon.core.main.TestCaseExecutor.accessMainPhase(TestCaseExecutor.java:299)&#xA;&#x9;at com.kms.katalon.core.main.TestCaseExecutor.execute(TestCaseExecutor.java:233)&#xA;&#x9;at com.kms.katalon.core.main.TestSuiteExecutor.accessTestCaseMainPhase(TestSuiteExecutor.java:169)&#xA;&#x9;at com.kms.katalon.core.main.TestSuiteExecutor.accessTestSuiteMainPhase(TestSuiteExecutor.java:142)&#xA;&#x9;at com.kms.katalon.core.main.TestSuiteExecutor.execute(TestSuiteExecutor.java:91)&#xA;&#x9;at com.kms.katalon.core.main.TestCaseMain.startTestSuite(TestCaseMain.java:157)&#xA;&#x9;at com.kms.katalon.core.main.TestCaseMain$startTestSuite$0.call(Unknown Source)&#xA;&#x9;at TempTestSuite1567478618576.run(TempTestSuite1567478618576.groovy:35)&#xA;Caused by: com.kms.katalon.core.webui.exception.WebElementNotFoundException: Web element with id: 'Object Repository/Report Property List/li_Bungalow' located by 'By.xpath: //div[@id='property_type']/ul/li' not found&#xA;&#x9;at com.kms.katalon.core.webui.common.WebUiCommonHelper.findWebElement(WebUiCommonHelper.java:1097)&#xA;&#x9;at com.kms.katalon.core.webui.keyword.internal.WebUIAbstractKeyword.findWebElement(WebUIAbstractKeyword.groovy:27)&#xA;&#x9;at com.kms.katalon.core.webui.keyword.internal.WebUIAbstractKeyword.findWebElement(WebUIAbstractKeyword.groovy:26)&#xA;&#x9;at com.kms.katalon.core.webui.keyword.builtin.ClickKeyword$_click_closure1.doCall(ClickKeyword.groovy:77)&#xA;&#x9;at com.kms.katalon.core.webui.keyword.builtin.ClickKeyword$_click_closure1.call(ClickKeyword.groovy)&#xA;&#x9;at com.kms.katalon.core.webui.keyword.internal.WebUIKeywordMain.runKeyword(WebUIKeywordMain.groovy:20)&#xA;&#x9;... 19 more&#xA;"/>
            <system-out>2019-09-03 09:43:41 - [TEST_CASE][FAILED] - Test Cases/IP0-34 ( Property List ): Test Cases/IP0-34 ( Property List ) FAILED.
Reason:
com.kms.katalon.core.exception.StepFailedException: Unable to click on object 'Object Repository/Report Property List/li_Bungalow'
	at com.kms.katalon.core.webui.keyword.internal.WebUIKeywordMain.stepFailed(WebUIKeywordMain.groovy:64)
	at com.kms.katalon.core.webui.keyword.internal.WebUIKeywordMain.runKeyword(WebUIKeywordMain.groovy:26)
	at com.kms.katalon.core.webui.keyword.builtin.ClickKeyword.click(ClickKeyword.groovy:86)
	at com.kms.katalon.core.webui.keyword.builtin.ClickKeyword.execute(ClickKeyword.groovy:67)
	at com.kms.katalon.core.keyword.internal.KeywordExecutor.executeKeywordForPlatform(KeywordExecutor.groovy:56)
	at com.kms.katalon.core.webui.keyword.WebUiBuiltInKeywords.click(WebUiBuiltInKeywords.groovy:616)
	at com.kms.katalon.core.webui.keyword.WebUiBuiltInKeywords$click$2.call(Unknown Source)
	at IP0-34 ( Property List ).run(IP0-34 ( Property List ):70)
	at com.kms.katalon.core.main.ScriptEngine.run(ScriptEngine.java:194)
	at com.kms.katalon.core.main.ScriptEngine.runScriptAsRawText(ScriptEngine.java:119)
	at com.kms.katalon.core.main.TestCaseExecutor.runScript(TestCaseExecutor.java:337)
	at com.kms.katalon.core.main.TestCaseExecutor.doExecute(TestCaseExecutor.java:328)
	at com.kms.katalon.core.main.TestCaseExecutor.processExecutionPhase(TestCaseExecutor.java:307)
	at com.kms.katalon.core.main.TestCaseExecutor.accessMainPhase(TestCaseExecutor.java:299)
	at com.kms.katalon.core.main.TestCaseExecutor.execute(TestCaseExecutor.java:233)
	at com.kms.katalon.core.main.TestSuiteExecutor.accessTestCaseMainPhase(TestSuiteExecutor.java:169)
	at com.kms.katalon.core.main.TestSuiteExecutor.accessTestSuiteMainPhase(TestSuiteExecutor.java:142)
	at com.kms.katalon.core.main.TestSuiteExecutor.execute(TestSuiteExecutor.java:91)
	at com.kms.katalon.core.main.TestCaseMain.startTestSuite(TestCaseMain.java:157)
	at com.kms.katalon.core.main.TestCaseMain$startTestSuite$0.call(Unknown Source)
	at TempTestSuite1567478618576.run(TempTestSuite1567478618576.groovy:35)
Caused by: com.kms.katalon.core.webui.exception.WebElementNotFoundException: Web element with id: 'Object Repository/Report Property List/li_Bungalow' located by 'By.xpath: //div[@id='property_type']/ul/li' not found
	at com.kms.katalon.core.webui.common.WebUiCommonHelper.findWebElement(WebUiCommonHelper.java:1097)
	at com.kms.katalon.core.webui.keyword.internal.WebUIAbstractKeyword.findWebElement(WebUIAbstractKeyword.groovy:27)
	at com.kms.katalon.core.webui.keyword.internal.WebUIAbstractKeyword.findWebElement(WebUIAbstractKeyword.groovy:26)
	at com.kms.katalon.core.webui.keyword.builtin.ClickKeyword$_click_closure1.doCall(ClickKeyword.groovy:77)
	at com.kms.katalon.core.webui.keyword.builtin.ClickKeyword$_click_closure1.call(ClickKeyword.groovy)
	at com.kms.katalon.core.webui.keyword.internal.WebUIKeywordMain.runKeyword(WebUIKeywordMain.groovy:20)
	... 19 more


2019-09-03 09:43:41 - [TEST_STEP][PASSED] - callTestCase(findTestCase("IP-001 (Login hit berkali kali)"), ["Email":"aaa@gmail.com", "Password":"123445656"], STOP_ON_FAILURE): Call Test Case 'Test Cases/IP-001 (Login hit berkali kali)' successfully

2019-09-03 09:43:41 - [TEST_CASE][PASSED] - Test Cases/IP-001 (Login hit berkali kali): Test Cases/IP-001 (Login hit berkali kali)

2019-09-03 09:43:42 - [TEST_STEP][PASSED] - openBrowser("http://kamisa.web.iprop-dev.com/login"): Browser is opened with url: 'http://kamisa.web.iprop-dev.com/login'

2019-09-03 09:43:42 - [MESSAGE][INFO] - Starting 'Chrome' driver

2019-09-03 09:43:42 - [MESSAGE][INFO] - Action delay is set to 0 seconds

2019-09-03 09:43:46 - [MESSAGE][PASSED] - Browser is opened with url: 'http://kamisa.web.iprop-dev.com/login'

2019-09-03 09:43:46 - [TEST_STEP][PASSED] - delay(3): Delayed 3 second(s)

2019-09-03 09:43:49 - [MESSAGE][PASSED] - Delayed 3 second(s)

2019-09-03 09:43:49 - [TEST_STEP][PASSED] - setText(findTestObject("Page_iPropio - Login/input_Email_email"), "didinonpqcms@gmail.com"): Text 'didinonpqcms@gmail.com' is set on object 'Object Repository/Page_iPropio - Login/input_Email_email'

2019-09-03 09:43:50 - [MESSAGE][PASSED] - Text 'didinonpqcms@gmail.com' is set on object 'Object Repository/Page_iPropio - Login/input_Email_email'

2019-09-03 09:43:50 - [TEST_STEP][PASSED] - delay(5): Delayed 5 second(s)

2019-09-03 09:43:55 - [MESSAGE][PASSED] - Delayed 5 second(s)

2019-09-03 09:43:55 - [TEST_STEP][PASSED] - takeScreenshot("/Users/refqi/Documents/webippro/4.png"): Taking screenshot successfully

2019-09-03 09:43:55 - [MESSAGE][PASSED] - Taking screenshot successfully
[[ATTACHMENT|/Users/refqi/Documents/webippro/4.png]]

2019-09-03 09:43:55 - [TEST_STEP][PASSED] - setText(findTestObject("Page_iPropio - Login/input_Password_password"), "testing12345"): Text 'testing12345' is set on object 'Object Repository/Page_iPropio - Login/input_Password_password'

2019-09-03 09:43:56 - [MESSAGE][PASSED] - Text 'testing12345' is set on object 'Object Repository/Page_iPropio - Login/input_Password_password'

2019-09-03 09:43:56 - [TEST_STEP][PASSED] - delay(3): Delayed 3 second(s)

2019-09-03 09:43:59 - [MESSAGE][PASSED] - Delayed 3 second(s)

2019-09-03 09:43:59 - [TEST_STEP][PASSED] - takeScreenshot("/Users/refqi/Documents/webippro/5.png"): Taking screenshot successfully

2019-09-03 09:43:59 - [MESSAGE][PASSED] - Taking screenshot successfully
[[ATTACHMENT|/Users/refqi/Documents/webippro/5.png]]

2019-09-03 09:43:59 - [TEST_STEP][PASSED] - click(findTestObject("Page_iPropio - Login/button_Login Now")): Object: 'Object Repository/Page_iPropio - Login/button_Login Now' is clicked on

2019-09-03 09:43:59 - [MESSAGE][PASSED] - Object: 'Object Repository/Page_iPropio - Login/button_Login Now' is clicked on

2019-09-03 09:43:59 - [MESSAGE][PASSED] - Call Test Case 'Test Cases/IP-001 (Login hit berkali kali)' successfully

2019-09-03 09:43:59 - [TEST_STEP][PASSED] - click(findTestObject("Object Repository/Report Property List/div_Reports")): Object: 'Object Repository/Report Property List/div_Reports' is clicked on

2019-09-03 09:44:00 - [MESSAGE][PASSED] - Object: 'Object Repository/Report Property List/div_Reports' is clicked on

2019-09-03 09:44:00 - [TEST_STEP][PASSED] - click(findTestObject("Object Repository/Report Property List/a_Property List")): Object: 'Object Repository/Report Property List/a_Property List' is clicked on

2019-09-03 09:44:00 - [MESSAGE][PASSED] - Object: 'Object Repository/Report Property List/a_Property List' is clicked on

2019-09-03 09:44:00 - [TEST_STEP][PASSED] - setText(findTestObject("Report Property List/input_House Number___BVID__171"), "2"): Text '2' is set on object 'Object Repository/Report Property List/input_House Number___BVID__171'

2019-09-03 09:44:01 - [MESSAGE][PASSED] - Text '2' is set on object 'Object Repository/Report Property List/input_House Number___BVID__171'

2019-09-03 09:44:01 - [TEST_STEP][PASSED] - clearText(findTestObject("Report Property List/input_House Number___BVID__171"), STOP_ON_FAILURE): Text of object 'Object Repository/Report Property List/input_House Number___BVID__171' is cleared

2019-09-03 09:44:01 - [MESSAGE][PASSED] - Text of object 'Object Repository/Report Property List/input_House Number___BVID__171' is cleared

2019-09-03 09:44:01 - [TEST_STEP][PASSED] - delay(1): Delayed 1 second(s)

2019-09-03 09:44:02 - [MESSAGE][PASSED] - Delayed 1 second(s)

2019-09-03 09:44:03 - [TEST_STEP][PASSED] - takeScreenshot(): Taking screenshot successfully

2019-09-03 09:44:03 - [MESSAGE][PASSED] - Taking screenshot successfully
[[ATTACHMENT|/Users/refqi/Katalon Studio/ipropio otomasi/Reports/20190903_094338/IP-034 ( Property List )/20190903_094338/1567478643009.png]]

2019-09-03 09:44:03 - [TEST_STEP][PASSED] - click(findTestObject("Report Property List/input_Street Name_vs__search")): Object: 'Object Repository/Report Property List/input_Street Name_vs__search' is clicked on

2019-09-03 09:44:03 - [MESSAGE][PASSED] - Object: 'Object Repository/Report Property List/input_Street Name_vs__search' is clicked on

2019-09-03 09:44:03 - [TEST_STEP][PASSED] - click(findTestObject("Report Property List/li_Jl Mentari Bersinar"), STOP_ON_FAILURE): Object: 'Object Repository/Report Property List/li_Jl Mentari Bersinar' is clicked on

2019-09-03 09:44:03 - [MESSAGE][PASSED] - Object: 'Object Repository/Report Property List/li_Jl Mentari Bersinar' is clicked on

2019-09-03 09:44:03 - [TEST_STEP][PASSED] - takeScreenshot(): Taking screenshot successfully

2019-09-03 09:44:03 - [MESSAGE][PASSED] - Taking screenshot successfully
[[ATTACHMENT|/Users/refqi/Katalon Studio/ipropio otomasi/Reports/20190903_094338/IP-034 ( Property List )/20190903_094338/1567478643675.png]]

2019-09-03 09:44:03 - [TEST_STEP][PASSED] - clearText(findTestObject("Report Property List/input_Street Name_vs__search")): Text of object 'Object Repository/Report Property List/input_Street Name_vs__search' is cleared

2019-09-03 09:44:04 - [MESSAGE][PASSED] - Text of object 'Object Repository/Report Property List/input_Street Name_vs__search' is cleared

2019-09-03 09:44:04 - [TEST_STEP][PASSED] - delay(1): Delayed 1 second(s)

2019-09-03 09:44:05 - [MESSAGE][PASSED] - Delayed 1 second(s)

2019-09-03 09:44:05 - [TEST_STEP][PASSED] - click(findTestObject("Report Property List/input_Property Type_vs__search")): Object: 'Object Repository/Report Property List/input_Property Type_vs__search' is clicked on

2019-09-03 09:44:05 - [MESSAGE][PASSED] - Object: 'Object Repository/Report Property List/input_Property Type_vs__search' is clicked on

2019-09-03 09:44:05 - [TEST_STEP][PASSED] - click(findTestObject("Report Property List/li_Condominiums")): Object: 'Object Repository/Report Property List/li_Condominiums' is clicked on

2019-09-03 09:44:05 - [MESSAGE][PASSED] - Object: 'Object Repository/Report Property List/li_Condominiums' is clicked on

2019-09-03 09:44:05 - [TEST_STEP][PASSED] - takeScreenshot(): Taking screenshot successfully

2019-09-03 09:44:05 - [MESSAGE][PASSED] - Taking screenshot successfully
[[ATTACHMENT|/Users/refqi/Katalon Studio/ipropio otomasi/Reports/20190903_094338/IP-034 ( Property List )/20190903_094338/1567478645450.png]]

2019-09-03 09:44:05 - [TEST_STEP][PASSED] - clearText(findTestObject("Report Property List/input_Property Type_vs__search")): Text of object 'Object Repository/Report Property List/input_Property Type_vs__search' is cleared

2019-09-03 09:44:05 - [MESSAGE][PASSED] - Text of object 'Object Repository/Report Property List/input_Property Type_vs__search' is cleared

2019-09-03 09:44:05 - [TEST_STEP][PASSED] - delay(1): Delayed 1 second(s)

2019-09-03 09:44:06 - [MESSAGE][PASSED] - Delayed 1 second(s)

2019-09-03 09:44:06 - [TEST_STEP][PASSED] - click(findTestObject("Report Property List/input_Property Status_vs__search")): Object: 'Object Repository/Report Property List/input_Property Status_vs__search' is clicked on

2019-09-03 09:44:07 - [MESSAGE][PASSED] - Object: 'Object Repository/Report Property List/input_Property Status_vs__search' is clicked on

2019-09-03 09:44:07 - [TEST_STEP][PASSED] - click(findTestObject("Report Property List/li_Resident")): Object: 'Object Repository/Report Property List/li_Resident' is clicked on

2019-09-03 09:44:07 - [MESSAGE][PASSED] - Object: 'Object Repository/Report Property List/li_Resident' is clicked on

2019-09-03 09:44:07 - [TEST_STEP][PASSED] - takeScreenshot(): Taking screenshot successfully

2019-09-03 09:44:07 - [MESSAGE][PASSED] - Taking screenshot successfully
[[ATTACHMENT|/Users/refqi/Katalon Studio/ipropio otomasi/Reports/20190903_094338/IP-034 ( Property List )/20190903_094338/1567478647237.png]]

2019-09-03 09:44:07 - [TEST_STEP][PASSED] - delay(1): Delayed 1 second(s)

2019-09-03 09:44:08 - [MESSAGE][PASSED] - Delayed 1 second(s)

2019-09-03 09:44:08 - [TEST_STEP][PASSED] - click(findTestObject("Report Property List/input_Property Status_vs__search")): Object: 'Object Repository/Report Property List/input_Property Status_vs__search' is clicked on

2019-09-03 09:44:08 - [MESSAGE][PASSED] - Object: 'Object Repository/Report Property List/input_Property Status_vs__search' is clicked on

2019-09-03 09:44:08 - [TEST_STEP][PASSED] - click(findTestObject("Object Repository/Report Property List/li_No Resident")): Object: 'Object Repository/Report Property List/li_No Resident' is clicked on

2019-09-03 09:44:08 - [MESSAGE][PASSED] - Object: 'Object Repository/Report Property List/li_No Resident' is clicked on

2019-09-03 09:44:08 - [TEST_STEP][PASSED] - takeScreenshot(): Taking screenshot successfully

2019-09-03 09:44:09 - [MESSAGE][PASSED] - Taking screenshot successfully
[[ATTACHMENT|/Users/refqi/Katalon Studio/ipropio otomasi/Reports/20190903_094338/IP-034 ( Property List )/20190903_094338/1567478648886.png]]

2019-09-03 09:44:09 - [TEST_STEP][PASSED] - delay(1): Delayed 1 second(s)

2019-09-03 09:44:10 - [MESSAGE][PASSED] - Delayed 1 second(s)

2019-09-03 09:44:10 - [TEST_STEP][PASSED] - click(findTestObject("Object Repository/Report Property List/a_Edit")): Object: 'Object Repository/Report Property List/a_Edit' is clicked on

2019-09-03 09:44:10 - [MESSAGE][PASSED] - Object: 'Object Repository/Report Property List/a_Edit' is clicked on

2019-09-03 09:44:10 - [TEST_STEP][FAILED] - click(findTestObject("Object Repository/Report Property List/li_Bungalow")): Unable to click on object 'Object Repository/Report Property List/li_Bungalow' (Root cause: com.kms.katalon.core.exception.StepFailedException: Unable to click on object 'Object Repository/Report Property List/li_Bungalow'
	at com.kms.katalon.core.webui.keyword.internal.WebUIKeywordMain.stepFailed(WebUIKeywordMain.groovy:64)
	at com.kms.katalon.core.webui.keyword.internal.WebUIKeywordMain.runKeyword(WebUIKeywordMain.groovy:26)
	at com.kms.katalon.core.webui.keyword.builtin.ClickKeyword.click(ClickKeyword.groovy:86)
	at com.kms.katalon.core.webui.keyword.builtin.ClickKeyword.execute(ClickKeyword.groovy:67)
	at com.kms.katalon.core.keyword.internal.KeywordExecutor.executeKeywordForPlatform(KeywordExecutor.groovy:56)
	at com.kms.katalon.core.webui.keyword.WebUiBuiltInKeywords.click(WebUiBuiltInKeywords.groovy:616)
	at com.kms.katalon.core.webui.keyword.WebUiBuiltInKeywords$click$2.call(Unknown Source)
	at IP0-34 ( Property List ).run(IP0-34 ( Property List ):70)
	at com.kms.katalon.core.main.ScriptEngine.run(ScriptEngine.java:194)
	at com.kms.katalon.core.main.ScriptEngine.runScriptAsRawText(ScriptEngine.java:119)
	at com.kms.katalon.core.main.TestCaseExecutor.runScript(TestCaseExecutor.java:337)
	at com.kms.katalon.core.main.TestCaseExecutor.doExecute(TestCaseExecutor.java:328)
	at com.kms.katalon.core.main.TestCaseExecutor.processExecutionPhase(TestCaseExecutor.java:307)
	at com.kms.katalon.core.main.TestCaseExecutor.accessMainPhase(TestCaseExecutor.java:299)
	at com.kms.katalon.core.main.TestCaseExecutor.execute(TestCaseExecutor.java:233)
	at com.kms.katalon.core.main.TestSuiteExecutor.accessTestCaseMainPhase(TestSuiteExecutor.java:169)
	at com.kms.katalon.core.main.TestSuiteExecutor.accessTestSuiteMainPhase(TestSuiteExecutor.java:142)
	at com.kms.katalon.core.main.TestSuiteExecutor.execute(TestSuiteExecutor.java:91)
	at com.kms.katalon.core.main.TestCaseMain.startTestSuite(TestCaseMain.java:157)
	at com.kms.katalon.core.main.TestCaseMain$startTestSuite$0.call(Unknown Source)
	at TempTestSuite1567478618576.run(TempTestSuite1567478618576.groovy:35)
Caused by: com.kms.katalon.core.webui.exception.WebElementNotFoundException: Web element with id: 'Object Repository/Report Property List/li_Bungalow' located by 'By.xpath: //div[@id='property_type']/ul/li' not found
	at com.kms.katalon.core.webui.common.WebUiCommonHelper.findWebElement(WebUiCommonHelper.java:1097)
	at com.kms.katalon.core.webui.keyword.internal.WebUIAbstractKeyword.findWebElement(WebUIAbstractKeyword.groovy:27)
	at com.kms.katalon.core.webui.keyword.internal.WebUIAbstractKeyword.findWebElement(WebUIAbstractKeyword.groovy:26)
	at com.kms.katalon.core.webui.keyword.builtin.ClickKeyword$_click_closure1.doCall(ClickKeyword.groovy:77)
	at com.kms.katalon.core.webui.keyword.builtin.ClickKeyword$_click_closure1.call(ClickKeyword.groovy)
	at com.kms.katalon.core.webui.keyword.internal.WebUIKeywordMain.runKeyword(WebUIKeywordMain.groovy:20)
	at com.kms.katalon.core.webui.keyword.builtin.ClickKeyword.click(ClickKeyword.groovy:86)
	at com.kms.katalon.core.webui.keyword.builtin.ClickKeyword.execute(ClickKeyword.groovy:67)
	at com.kms.katalon.core.keyword.internal.KeywordExecutor.executeKeywordForPlatform(KeywordExecutor.groovy:56)
	at com.kms.katalon.core.webui.keyword.WebUiBuiltInKeywords.click(WebUiBuiltInKeywords.groovy:616)
	at com.kms.katalon.core.webui.keyword.WebUiBuiltInKeywords$click$2.call(Unknown Source)
	at Script1567476108323.run(Script1567476108323.groovy:70)
	... 13 more
)

2019-09-03 09:44:41 - [MESSAGE][INFO] - Unable to find the element located by 'By.xpath: //div[@id='property_type']/ul/li'. Please recheck the objects properties to make sure the desired element is located. 

2019-09-03 09:44:41 - [MESSAGE][FAILED] - Unable to click on object 'Object Repository/Report Property List/li_Bungalow' (Root cause: com.kms.katalon.core.exception.StepFailedException: Unable to click on object 'Object Repository/Report Property List/li_Bungalow'
	at com.kms.katalon.core.webui.keyword.internal.WebUIKeywordMain.stepFailed(WebUIKeywordMain.groovy:64)
	at com.kms.katalon.core.webui.keyword.internal.WebUIKeywordMain.runKeyword(WebUIKeywordMain.groovy:26)
	at com.kms.katalon.core.webui.keyword.builtin.ClickKeyword.click(ClickKeyword.groovy:86)
	at com.kms.katalon.core.webui.keyword.builtin.ClickKeyword.execute(ClickKeyword.groovy:67)
	at com.kms.katalon.core.keyword.internal.KeywordExecutor.executeKeywordForPlatform(KeywordExecutor.groovy:56)
	at com.kms.katalon.core.webui.keyword.WebUiBuiltInKeywords.click(WebUiBuiltInKeywords.groovy:616)
	at com.kms.katalon.core.webui.keyword.WebUiBuiltInKeywords$click$2.call(Unknown Source)
	at IP0-34 ( Property List ).run(IP0-34 ( Property List ):70)
	at com.kms.katalon.core.main.ScriptEngine.run(ScriptEngine.java:194)
	at com.kms.katalon.core.main.ScriptEngine.runScriptAsRawText(ScriptEngine.java:119)
	at com.kms.katalon.core.main.TestCaseExecutor.runScript(TestCaseExecutor.java:337)
	at com.kms.katalon.core.main.TestCaseExecutor.doExecute(TestCaseExecutor.java:328)
	at com.kms.katalon.core.main.TestCaseExecutor.processExecutionPhase(TestCaseExecutor.java:307)
	at com.kms.katalon.core.main.TestCaseExecutor.accessMainPhase(TestCaseExecutor.java:299)
	at com.kms.katalon.core.main.TestCaseExecutor.execute(TestCaseExecutor.java:233)
	at com.kms.katalon.core.main.TestSuiteExecutor.accessTestCaseMainPhase(TestSuiteExecutor.java:169)
	at com.kms.katalon.core.main.TestSuiteExecutor.accessTestSuiteMainPhase(TestSuiteExecutor.java:142)
	at com.kms.katalon.core.main.TestSuiteExecutor.execute(TestSuiteExecutor.java:91)
	at com.kms.katalon.core.main.TestCaseMain.startTestSuite(TestCaseMain.java:157)
	at com.kms.katalon.core.main.TestCaseMain$startTestSuite$0.call(Unknown Source)
	at TempTestSuite1567478618576.run(TempTestSuite1567478618576.groovy:35)
Caused by: com.kms.katalon.core.webui.exception.WebElementNotFoundException: Web element with id: 'Object Repository/Report Property List/li_Bungalow' located by 'By.xpath: //div[@id='property_type']/ul/li' not found
	at com.kms.katalon.core.webui.common.WebUiCommonHelper.findWebElement(WebUiCommonHelper.java:1097)
	at com.kms.katalon.core.webui.keyword.internal.WebUIAbstractKeyword.findWebElement(WebUIAbstractKeyword.groovy:27)
	at com.kms.katalon.core.webui.keyword.internal.WebUIAbstractKeyword.findWebElement(WebUIAbstractKeyword.groovy:26)
	at com.kms.katalon.core.webui.keyword.builtin.ClickKeyword$_click_closure1.doCall(ClickKeyword.groovy:77)
	at com.kms.katalon.core.webui.keyword.builtin.ClickKeyword$_click_closure1.call(ClickKeyword.groovy)
	at com.kms.katalon.core.webui.keyword.internal.WebUIKeywordMain.runKeyword(WebUIKeywordMain.groovy:20)
	at com.kms.katalon.core.webui.keyword.builtin.ClickKeyword.click(ClickKeyword.groovy:86)
	at com.kms.katalon.core.webui.keyword.builtin.ClickKeyword.execute(ClickKeyword.groovy:67)
	at com.kms.katalon.core.keyword.internal.KeywordExecutor.executeKeywordForPlatform(KeywordExecutor.groovy:56)
	at com.kms.katalon.core.webui.keyword.WebUiBuiltInKeywords.click(WebUiBuiltInKeywords.groovy:616)
	at com.kms.katalon.core.webui.keyword.WebUiBuiltInKeywords$click$2.call(Unknown Source)
	at Script1567476108323.run(Script1567476108323.groovy:70)
	... 13 more
)
[[ATTACHMENT|/Users/refqi/Katalon Studio/ipropio otomasi/Reports/20190903_094338/IP-034 ( Property List )/20190903_094338/1567478681324.png]]</system-out>
            <system-err>2019-09-03 09:43:41 - [TEST_CASE][FAILED] - Test Cases/IP0-34 ( Property List ): Test Cases/IP0-34 ( Property List ) FAILED.
Reason:
com.kms.katalon.core.exception.StepFailedException: Unable to click on object 'Object Repository/Report Property List/li_Bungalow'
	at com.kms.katalon.core.webui.keyword.internal.WebUIKeywordMain.stepFailed(WebUIKeywordMain.groovy:64)
	at com.kms.katalon.core.webui.keyword.internal.WebUIKeywordMain.runKeyword(WebUIKeywordMain.groovy:26)
	at com.kms.katalon.core.webui.keyword.builtin.ClickKeyword.click(ClickKeyword.groovy:86)
	at com.kms.katalon.core.webui.keyword.builtin.ClickKeyword.execute(ClickKeyword.groovy:67)
	at com.kms.katalon.core.keyword.internal.KeywordExecutor.executeKeywordForPlatform(KeywordExecutor.groovy:56)
	at com.kms.katalon.core.webui.keyword.WebUiBuiltInKeywords.click(WebUiBuiltInKeywords.groovy:616)
	at com.kms.katalon.core.webui.keyword.WebUiBuiltInKeywords$click$2.call(Unknown Source)
	at IP0-34 ( Property List ).run(IP0-34 ( Property List ):70)
	at com.kms.katalon.core.main.ScriptEngine.run(ScriptEngine.java:194)
	at com.kms.katalon.core.main.ScriptEngine.runScriptAsRawText(ScriptEngine.java:119)
	at com.kms.katalon.core.main.TestCaseExecutor.runScript(TestCaseExecutor.java:337)
	at com.kms.katalon.core.main.TestCaseExecutor.doExecute(TestCaseExecutor.java:328)
	at com.kms.katalon.core.main.TestCaseExecutor.processExecutionPhase(TestCaseExecutor.java:307)
	at com.kms.katalon.core.main.TestCaseExecutor.accessMainPhase(TestCaseExecutor.java:299)
	at com.kms.katalon.core.main.TestCaseExecutor.execute(TestCaseExecutor.java:233)
	at com.kms.katalon.core.main.TestSuiteExecutor.accessTestCaseMainPhase(TestSuiteExecutor.java:169)
	at com.kms.katalon.core.main.TestSuiteExecutor.accessTestSuiteMainPhase(TestSuiteExecutor.java:142)
	at com.kms.katalon.core.main.TestSuiteExecutor.execute(TestSuiteExecutor.java:91)
	at com.kms.katalon.core.main.TestCaseMain.startTestSuite(TestCaseMain.java:157)
	at com.kms.katalon.core.main.TestCaseMain$startTestSuite$0.call(Unknown Source)
	at TempTestSuite1567478618576.run(TempTestSuite1567478618576.groovy:35)
Caused by: com.kms.katalon.core.webui.exception.WebElementNotFoundException: Web element with id: 'Object Repository/Report Property List/li_Bungalow' located by 'By.xpath: //div[@id='property_type']/ul/li' not found
	at com.kms.katalon.core.webui.common.WebUiCommonHelper.findWebElement(WebUiCommonHelper.java:1097)
	at com.kms.katalon.core.webui.keyword.internal.WebUIAbstractKeyword.findWebElement(WebUIAbstractKeyword.groovy:27)
	at com.kms.katalon.core.webui.keyword.internal.WebUIAbstractKeyword.findWebElement(WebUIAbstractKeyword.groovy:26)
	at com.kms.katalon.core.webui.keyword.builtin.ClickKeyword$_click_closure1.doCall(ClickKeyword.groovy:77)
	at com.kms.katalon.core.webui.keyword.builtin.ClickKeyword$_click_closure1.call(ClickKeyword.groovy)
	at com.kms.katalon.core.webui.keyword.internal.WebUIKeywordMain.runKeyword(WebUIKeywordMain.groovy:20)
	... 19 more</system-err>
        </testcase>
        <system-out>2019-09-03 09:43:40 - [TEST_SUITE][INCOMPLETE] - IP-034 ( Property List ): null</system-out>
        <system-err>2019-09-03 09:43:40 - [TEST_SUITE][INCOMPLETE] - IP-034 ( Property List ): null</system-err>
    </testsuite>
</testsuites>
